
Clover Version    1.300
       MPI Version
   Task Count      2

 Clover will run from the following input:-

*clover                                                                                             
                                                                                                    
 state 1 density=0.2 energy=1.0                                                                     
 state 2 density=1.0 energy=2.5 geometry=rectangle xmin=0.0 xmax=5.0 ymin=0.0 ymax=2.0              
                                                                                                    
 x_cells=960                                                                                        
 y_cells=960                                                                                        
                                                                                                    
 xmin=0.0                                                                                           
 ymin=0.0                                                                                           
 xmax=10.0                                                                                          
 ymax=10.0                                                                                          
                                                                                                    
 initial_timestep=0.04                                                                              
 timestep_rise=1.5                                                                                  
 max_timestep=0.04                                                                                  
 end_time=0.5                                                                                       
 end_step=87                                                                                        
 profiler_on                                                                                        
 tiles_per_chunk 1                                                                                  
*endclover                                                                                          

 Initialising and generating

 Reading input file

 Reading specification for state            1

            state density   0.2000E+00
             state energy   0.1000E+01

 Reading specification for state            2

            state density   0.1000E+01
             state energy   0.2500E+01
 state geometry rectangular
               state xmin   0.0000E+00
               state xmax   0.5000E+01
               state ymin   0.0000E+00
               state ymax   0.2000E+01

                   x_cells         960
                   y_cells         960
                      xmin  0.0000E+00
                      ymin  0.0000E+00
                      xmax  0.1000E+02
                      ymax  0.1000E+02
         initial_timestep   0.4000E-01
             timestep_rise  0.1500E+01
              max_timestep  0.4000E-01
                  end_time  0.5000E+00
                  end_step          87
               Profiler on
           tiles_per_chunk           1

     Using Fortran Kernels

 Input read finished.

 Setting up initial geometry


 Mesh ratio of    1.0000000000000000     
 Decomposing the mesh into            2  by            1  chunks
 Decomposing the chunk with            1  tiles

 Generating chunks

 Problem initialised and generated

 Time    0.0000000000000000     
                       Volume            Mass         Density        Pressure Internal Energy  Kinetic Energy    Total Energy
 step:      0      0.1000E+03      0.2800E+02      0.2800E+00      0.1720E+00      0.4300E+02      0.0000E+00      0.4300E+02

 Starting the calculation
 Step       1 time   0.0000000 control    sound    timestep   6.16E-03       1,       1 x  5.21E-03 y  5.21E-03
 Wall clock    1.8647909164428711E-002
 Average time per cell    2.0234276437097125E-008
 Step time per cell       2.0233241634236441E-008
 Step       2 time   0.0061626 control    sound    timestep   3.76E-03       1,       1 x  5.21E-03 y  5.21E-03
 Wall clock    3.6455869674682617E-002
 Average time per cell    1.9778575127323470E-008
 Step time per cell       1.9304247366057502E-008
 Step       3 time   0.0099242 control    sound    timestep   4.78E-03       1,       1 x  5.21E-03 y  5.21E-03
 Wall clock    5.4036855697631836E-002
 Average time per cell    1.9544580330451328E-008
 Step time per cell       1.9058999088075427E-008
 Step       4 time   0.0147037 control    sound    timestep   5.04E-03       1,       1 x  5.21E-03 y  5.21E-03
 Wall clock    7.1794033050537109E-002
 Average time per cell    1.9475377889143096E-008
 Step time per cell       1.9251472420162623E-008
 Step       5 time   0.0197397 control    sound    timestep   5.54E-03       1,       1 x  5.21E-03 y  5.21E-03
 Wall clock    8.9390039443969727E-002
 Average time per cell    1.9398880087667042E-008
 Step time per cell       1.9076590736707052E-008
 Step       6 time   0.0252815 control    sound    timestep   5.53E-03       1,       1 x  5.21E-03 y  5.21E-03
 Wall clock   0.10712885856628418     
 Average time per cell    1.9373708508080906E-008
 Step time per cell       1.9229482859373093E-008
 Step       7 time   0.0308107 control    sound    timestep   5.63E-03       1,       1 x  5.21E-03 y  5.21E-03
 Wall clock   0.12478804588317871     
 Average time per cell    1.9343385088538366E-008
 Step time per cell       1.9146181229088041E-008
 Step       8 time   0.0364452 control    sound    timestep   5.93E-03       1,       1 x  5.21E-03 y  5.21E-03
 Wall clock   0.14262986183166504     
 Average time per cell    1.9345413117359083E-008
 Step time per cell       1.9342276371187633E-008
 Step       9 time   0.0423713 control    sound    timestep   5.86E-03       1,       1 x  5.21E-03 y  5.21E-03
 Wall clock   0.16011190414428711     
 Average time per cell    1.9303614986531529E-008
 Step time per cell       1.8955001400576698E-008
 Step      10 time   0.0482336 control    sound    timestep   5.82E-03       1,       1 x  5.21E-03 y  5.21E-03

 Time    5.4054230746582305E-002
                       Volume            Mass         Density        Pressure Internal Energy  Kinetic Energy    Total Energy
 step:     10      0.1000E+03      0.2800E+02      0.2800E+00      0.1715E+00      0.4286E+02      0.1272E+00      0.4299E+02

 Wall clock   0.17883300781250000     
 Average time per cell    1.9404623243543836E-008
 Step time per cell       2.0298434214459524E-008
 Step      11 time   0.0540542 control    sound    timestep   5.78E-03       1,       1 x  5.21E-03 y  5.21E-03
 Wall clock   0.19626092910766602     
 Average time per cell    1.9359703392091423E-008
 Step time per cell       1.8898604644669426E-008
 Step      12 time   0.0598338 control    sound    timestep   5.76E-03       1,       1 x  5.21E-03 y  5.21E-03
 Wall clock   0.21371006965637207     
 Average time per cell    1.9324188879518598E-008
 Step time per cell       1.8916196293301051E-008
 Step      13 time   0.0655905 control    sound    timestep   5.77E-03       1,       1 x  5.21E-03 y  5.21E-03
 Wall clock   0.23127007484436035     
 Average time per cell    1.9303391663691938E-008
 Step time per cell       1.9036492125855551E-008
 Step      14 time   0.0713614 control    sound    timestep   5.79E-03       1,       1 x  5.21E-03 y  5.21E-03
 Wall clock   0.24935698509216309     
 Average time per cell    1.9326403234449644E-008
 Step time per cell       1.9610549012819928E-008
 Step      15 time   0.0771552 control    sound    timestep   5.80E-03       1,       1 x  5.21E-03 y  5.21E-03
 Wall clock   0.26715302467346191     
 Average time per cell    1.9325305604272418E-008
 Step time per cell       1.9295968943172030E-008
 Step      16 time   0.0829578 control    sound    timestep   5.80E-03       1,       1 x  5.21E-03 y  5.21E-03
 Wall clock   0.28466296195983887     
 Average time per cell    1.9304942624229524E-008
 Step time per cell       1.8981130172808963E-008
 Step      17 time   0.0887628 control    sound    timestep   5.81E-03       1,       1 x  5.21E-03 y  5.21E-03
 Wall clock   0.30239987373352051     
 Average time per cell    1.9301462528947131E-008
 Step time per cell       1.9232845968670314E-008
 Step      18 time   0.0945706 control    sound    timestep   5.81E-03       1,       1 x  5.21E-03 y  5.21E-03
 Wall clock   0.31992197036743164     
 Average time per cell    1.9285419702897839E-008
 Step time per cell       1.8957329707013237E-008
 Step      19 time   0.1003799 control    sound    timestep   5.81E-03       1,       1 x  5.21E-03 y  5.21E-03
 Wall clock   0.33765888214111328     
 Average time per cell    1.9283333455609998E-008
 Step time per cell       1.9231552465094461E-008
 Step      20 time   0.1061897 control    sound    timestep   5.81E-03       1,       1 x  5.21E-03 y  5.21E-03

 Time   0.11200041577533880     
                       Volume            Mass         Density        Pressure Internal Energy  Kinetic Energy    Total Energy
 step:     20      0.1000E+03      0.2800E+02      0.2800E+00      0.1709E+00      0.4272E+02      0.2696E+00      0.4299E+02

 Wall clock   0.35613608360290527     
 Average time per cell    1.9321619119081232E-008
 Step time per cell       2.0033783382839628E-008
 Step      21 time   0.1120004 control    sound    timestep   5.81E-03       1,       1 x  5.21E-03 y  5.21E-03
 Wall clock   0.37379407882690430     
 Average time per cell    1.9313930164253900E-008
 Step time per cell       1.9150579141245949E-008
 Step      22 time   0.1178143 control    sound    timestep   5.82E-03       1,       1 x  5.21E-03 y  5.21E-03
 Wall clock   0.39141106605529785     
 Average time per cell    1.9304917636092263E-008
 Step time per cell       1.9100649903217950E-008
 Step      23 time   0.1236298 control    sound    timestep   5.82E-03       1,       1 x  5.21E-03 y  5.21E-03
 Wall clock   0.40913701057434082     
 Average time per cell    1.9301829076763514E-008
 Step time per cell       1.9218876130051085E-008
 Step      24 time   0.1294460 control    sound    timestep   5.82E-03       1,       1 x  5.21E-03 y  5.21E-03
 Wall clock   0.42683887481689453     
 Average time per cell    1.9297909198535814E-008
 Step time per cell       1.9191453854242960E-008
 Step      25 time   0.1352640 control    sound    timestep   5.82E-03       1,       1 x  5.21E-03 y  5.21E-03
 Wall clock   0.44459986686706543     
 Average time per cell    1.9296869221660825E-008
 Step time per cell       1.9257681237326727E-008
 Step      26 time   0.1410837 control    sound    timestep   5.82E-03       1,       1 x  5.21E-03 y  5.21E-03
 Wall clock   0.46210408210754395     
 Average time per cell    1.9285193063382409E-008
 Step time per cell       1.8979060567087599E-008
 Step      27 time   0.1469049 control    sound    timestep   5.82E-03       1,       1 x  5.21E-03 y  5.21E-03
 Wall clock   0.47993087768554688     
 Average time per cell    1.9287345585999664E-008
 Step time per cell       1.9325978226131863E-008
 Step      28 time   0.1527276 control    sound    timestep   5.82E-03       1,       1 x  5.21E-03 y  5.21E-03
 Wall clock   0.49747204780578613     
 Average time per cell    1.9278275662116590E-008
 Step time per cell       1.9019159177939097E-008
 Step      29 time   0.1585506 control    sound    timestep   5.82E-03       1,       1 x  5.21E-03 y  5.21E-03
 Wall clock   0.51507306098937988     
 Average time per cell    1.9272070349518823E-008
 Step time per cell       1.9084351758162181E-008
 Step      30 time   0.1643742 control    sound    timestep   5.82E-03       1,       1 x  5.21E-03 y  5.21E-03

 Time   0.17019802332004386     
                       Volume            Mass         Density        Pressure Internal Energy  Kinetic Energy    Total Energy
 step:     30      0.1000E+03      0.2800E+02      0.2800E+00      0.1703E+00      0.4258E+02      0.4108E+00      0.4299E+02

 Wall clock   0.53358387947082520     
 Average time per cell    1.9299185455397324E-008
 Step time per cell       2.0072588490115271E-008
 Step      31 time   0.1701980 control    sound    timestep   5.82E-03       1,       1 x  5.21E-03 y  5.21E-03
 Wall clock   0.55141186714172363     
 Average time per cell    1.9300650591598191E-008
 Step time per cell       1.9333739247586992E-008
 Step      32 time   0.1760221 control    sound    timestep   5.82E-03       1,       1 x  5.21E-03 y  5.21E-03
 Wall clock   0.56896901130676270     
 Average time per cell    1.9292840281397932E-008
 Step time per cell       1.9000791427161960E-008
 Step      33 time   0.1818467 control    sound    timestep   5.83E-03       1,       1 x  5.21E-03 y  5.21E-03
 Wall clock   0.58669495582580566     
 Average time per cell    1.9291053629583781E-008
 Step time per cell       1.9219910932911765E-008
 Step      34 time   0.1876721 control    sound    timestep   5.83E-03       1,       1 x  5.21E-03 y  5.21E-03
 Wall clock   0.60430598258972168     
 Average time per cell    1.9285704611855394E-008
 Step time per cell       1.9092888881762822E-008
 Step      35 time   0.1934982 control    sound    timestep   5.83E-03       1,       1 x  5.21E-03 y  5.21E-03
 Wall clock   0.62259793281555176     
 Average time per cell    1.9301771230640864E-008
 Step time per cell       1.9831738124291101E-008
 Step      36 time   0.1993254 control    sound    timestep   5.83E-03       1,       1 x  5.21E-03 y  5.21E-03
 Wall clock   0.64348292350769043     
 Average time per cell    1.9395101619999350E-008
 Step time per cell       2.2647436708211898E-008
 Step      37 time   0.2051535 control    sound    timestep   5.83E-03       1,       1 x  5.21E-03 y  5.21E-03
 Wall clock   0.66323208808898926     
 Average time per cell    1.9450077658390498E-008
 Step time per cell       2.1402051465378869E-008
 Step      38 time   0.2109826 control    sound    timestep   5.83E-03       1,       1 x  5.21E-03 y  5.21E-03
 Wall clock   0.68172001838684082     
 Average time per cell    1.9466146358359626E-008
 Step time per cell       2.0037922594282361E-008
 Step      39 time   0.2168128 control    sound    timestep   5.83E-03       1,       1 x  5.21E-03 y  5.21E-03
 Wall clock   0.69985008239746094     
 Average time per cell    1.9471434361574657E-008
 Step time per cell       1.9657115141550699E-008
 Step      40 time   0.2226435 control    sound    timestep   5.83E-03       1,       1 x  5.21E-03 y  5.21E-03

 Time   0.22847442549522459     
                       Volume            Mass         Density        Pressure Internal Energy  Kinetic Energy    Total Energy
 step:     40      0.1000E+03      0.2800E+02      0.2800E+00      0.1697E+00      0.4243E+02      0.5509E+00      0.4299E+02

 Wall clock   0.71845293045043945     
 Average time per cell    1.9489283052583535E-008
 Step time per cell       2.0167014251152673E-008
 Step      41 time   0.2284744 control    sound    timestep   5.83E-03       1,       1 x  5.21E-03 y  5.21E-03
 Wall clock   0.73624897003173828     
 Average time per cell    1.9484908802076408E-008
 Step time per cell       1.9300108154614766E-008
 Step      42 time   0.2343054 control    sound    timestep   5.83E-03       1,       1 x  5.21E-03 y  5.21E-03
 Wall clock   0.75422406196594238     
 Average time per cell    1.9485368664381367E-008
 Step time per cell       1.9488959676689573E-008
 Step      43 time   0.2401365 control    sound    timestep   5.83E-03       1,       1 x  5.21E-03 y  5.21E-03
 Wall clock   0.77199387550354004     
 Average time per cell    1.9480627107142787E-008
 Step time per cell       1.9267511864503224E-008
 Step      44 time   0.2459680 control    sound    timestep   5.83E-03       1,       1 x  5.21E-03 y  5.21E-03
 Wall clock   0.78971600532531738     
 Average time per cell    1.9474925162891546E-008
 Step time per cell       1.9214478217893177E-008
 Step      45 time   0.2518000 control    sound    timestep   5.83E-03       1,       1 x  5.21E-03 y  5.21E-03
 Wall clock   0.80746293067932129     
 Average time per cell    1.9470074524482092E-008
 Step time per cell       1.9241383092270958E-008
 Step      46 time   0.2576322 control    sound    timestep   5.83E-03       1,       1 x  5.21E-03 y  5.21E-03
 Wall clock   0.82522487640380859     
 Average time per cell    1.9465789090895998E-008
 Step time per cell       1.9255611631605359E-008
 Step      47 time   0.2634649 control    sound    timestep   5.83E-03       1,       1 x  5.21E-03 y  5.21E-03
 Wall clock   0.84323501586914062     
 Average time per cell    1.9467415961813421E-008
 Step time per cell       1.9529058287541071E-008
 Step      48 time   0.2692983 control    sound    timestep   5.83E-03       1,       1 x  5.21E-03 y  5.21E-03
 Wall clock   0.86090707778930664     
 Average time per cell    1.9461332596148606E-008
 Step time per cell       1.9160151067707274E-008
 Step      49 time   0.2751323 control    sound    timestep   5.83E-03       1,       1 x  5.21E-03 y  5.21E-03
 Wall clock   0.87875199317932129     
 Average time per cell    1.9459325245786416E-008
 Step time per cell       1.9346932984060712E-008
 Step      50 time   0.2809670 control    sound    timestep   5.84E-03       1,       1 x  5.21E-03 y  5.21E-03

 Time   0.28680234066587584     
                       Volume            Mass         Density        Pressure Internal Energy  Kinetic Energy    Total Energy
 step:     50      0.1000E+03      0.2800E+02      0.2800E+00      0.1692E+00      0.4229E+02      0.6898E+00      0.4298E+02

 Wall clock   0.89736199378967285     
 Average time per cell    1.9474001601338385E-008
 Step time per cell       2.0177879681189853E-008
 Step      51 time   0.2868023 control    sound    timestep   5.84E-03       1,       1 x  5.21E-03 y  5.21E-03
 Wall clock   0.91516709327697754     
 Average time per cell    1.9470977440703668E-008
 Step time per cell       1.9309938781791262E-008
 Step      52 time   0.2926385 control    sound    timestep   5.84E-03       1,       1 x  5.21E-03 y  5.21E-03
 Wall clock   0.93283486366271973     
 Average time per cell    1.9465203986017622E-008
 Step time per cell       1.9156787958410050E-008
 Step      53 time   0.2984756 control    sound    timestep   5.84E-03       1,       1 x  5.21E-03 y  5.21E-03
 Wall clock   0.95059990882873535     
 Average time per cell    1.9461639904938402E-008
 Step time per cell       1.9260009543763267E-008
 Step      54 time   0.3043128 control    sound    timestep   5.84E-03       1,       1 x  5.21E-03 y  5.21E-03
 Wall clock   0.96833205223083496     
 Average time per cell    1.9457546702812239E-008
 Step time per cell       1.9226378450791041E-008
 Step      55 time   0.3101501 control    sound    timestep   5.84E-03       1,       1 x  5.21E-03 y  5.21E-03
 Wall clock   0.98615503311157227     
 Average time per cell    1.9455394434808479E-008
 Step time per cell       1.9321839014689127E-008
 Step      56 time   0.3159874 control    sound    timestep   5.84E-03       1,       1 x  5.21E-03 y  5.21E-03
 Wall clock    1.0036289691925049     
 Average time per cell    1.9446555857679674E-008
 Step time per cell       1.8943101167678833E-008
 Step      57 time   0.3218249 control    sound    timestep   5.84E-03       1,       1 x  5.21E-03 y  5.21E-03
 Wall clock    1.0212459564208984     
 Average time per cell    1.9440750571487010E-008
 Step time per cell       1.9101426005363466E-008
 Step      58 time   0.3276627 control    sound    timestep   5.84E-03       1,       1 x  5.21E-03 y  5.21E-03
 Wall clock    1.0391340255737305     
 Average time per cell    1.9440216893665635E-008
 Step time per cell       1.9394533915652168E-008
 Step      59 time   0.3335009 control    sound    timestep   5.84E-03       1,       1 x  5.21E-03 y  5.21E-03
 Wall clock    1.0569159984588623     
 Average time per cell    1.9437750089359373E-008
 Step time per cell       1.9281740403837629E-008
 Step      60 time   0.3393393 control    sound    timestep   5.84E-03       1,       1 x  5.21E-03 y  5.21E-03

 Time   0.34517805847536881     
                       Volume            Mass         Density        Pressure Internal Energy  Kinetic Energy    Total Energy
 step:     60      0.1000E+03      0.2800E+02      0.2800E+00      0.1686E+00      0.4216E+02      0.8276E+00      0.4298E+02

 Wall clock    1.0755219459533691     
 Average time per cell    1.9450266673057168E-008
 Step time per cell       2.0174775272607805E-008
 Step      61 time   0.3451781 control    sound    timestep   5.84E-03       1,       1 x  5.21E-03 y  5.21E-03
 Wall clock    1.0934040546417236     
 Average time per cell    1.9449497215137674E-008
 Step time per cell       1.9394533915652168E-008
 Step      62 time   0.3510173 control    sound    timestep   5.84E-03       1,       1 x  5.21E-03 y  5.21E-03
 Wall clock    1.1112809181213379     
 Average time per cell    1.9448660781413422E-008
 Step time per cell       1.9336843656169044E-008
 Step      63 time   0.3568572 control    sound    timestep   5.84E-03       1,       1 x  5.21E-03 y  5.21E-03
 Wall clock    1.1290709972381592     
 Average time per cell    1.9446356185897529E-008
 Step time per cell       1.9291571031014125E-008
 Step      64 time   0.3626976 control    sound    timestep   5.84E-03       1,       1 x  5.21E-03 y  5.21E-03
 Wall clock    1.1469600200653076     
 Average time per cell    1.9445801121441440E-008
 Step time per cell       1.9393499112791487E-008
 Step      65 time   0.3685385 control    sound    timestep   5.84E-03       1,       1 x  5.21E-03 y  5.21E-03
 Wall clock    1.1647739410400391     
 Average time per cell    1.9444009432425865E-008
 Step time per cell       1.9316406299670538E-008
 Step      66 time   0.3743800 control    sound    timestep   5.84E-03       1,       1 x  5.21E-03 y  5.21E-03
 Wall clock    1.1825950145721436     
 Average time per cell    1.9442389628250992E-008
 Step time per cell       1.9322873817549811E-008
 Step      67 time   0.3802224 control    sound    timestep   5.84E-03       1,       1 x  5.21E-03 y  5.21E-03
 Wall clock    1.2003538608551025     
 Average time per cell    1.9439810402011792E-008
 Step time per cell       1.9254318128029507E-008
 Step      68 time   0.3860650 control    sound    timestep   5.84E-03       1,       1 x  5.21E-03 y  5.21E-03
 Wall clock    1.2180709838867188     
 Average time per cell    1.9436641261468525E-008
 Step time per cell       1.9210080305735269E-008
 Step      69 time   0.3919077 control    sound    timestep   5.84E-03       1,       1 x  5.21E-03 y  5.21E-03
 Wall clock    1.2358570098876953     
 Average time per cell    1.9434647523646576E-008
 Step time per cell       1.9285103513134849E-008
 Step      70 time   0.3977504 control    sound    timestep   5.84E-03       1,       1 x  5.21E-03 y  5.21E-03

 Time   0.40359323425419447     
                       Volume            Mass         Density        Pressure Internal Energy  Kinetic Energy    Total Energy
 step:     70      0.1000E+03      0.2800E+02      0.2800E+00      0.1681E+00      0.4202E+02      0.9641E+00      0.4298E+02

 Wall clock    1.2544589042663574     
 Average time per cell    1.9445357519009758E-008
 Step time per cell       2.0169083856874041E-008
 Step      71 time   0.4035932 control    sound    timestep   5.84E-03       1,       1 x  5.21E-03 y  5.21E-03
 Wall clock    1.2722918987274170     
 Average time per cell    1.9444014982018672E-008
 Step time per cell       1.9338137159744900E-008
 Step      72 time   0.4094363 control    sound    timestep   5.84E-03       1,       1 x  5.21E-03 y  5.21E-03
 Wall clock    1.2902379035949707     
 Average time per cell    1.9444412850763328E-008
 Step time per cell       1.9458432992299399E-008
 Step      73 time   0.4152797 control    sound    timestep   5.84E-03       1,       1 x  5.21E-03 y  5.21E-03
 Wall clock    1.3077330589294434     
 Average time per cell    1.9438098407317878E-008
 Step time per cell       1.8968195137050418E-008
 Step      74 time   0.4211232 control    sound    timestep   5.84E-03       1,       1 x  5.21E-03 y  5.21E-03
 Wall clock    1.3255140781402588     
 Average time per cell    1.9436146275282981E-008
 Step time per cell       1.9276307688819037E-008
 Step      75 time   0.4269671 control    sound    timestep   5.84E-03       1,       1 x  5.21E-03 y  5.21E-03
 Wall clock    1.3434388637542725     
 Average time per cell    1.9436326153852322E-008
 Step time per cell       1.9435667329364354E-008
 Step      76 time   0.4328113 control    sound    timestep   5.84E-03       1,       1 x  5.21E-03 y  5.21E-03
 Wall clock    1.3612439632415771     
 Average time per cell    1.9434792512472262E-008
 Step time per cell       1.9304506066772674E-008
 Step      77 time   0.4386560 control    sound    timestep   5.85E-03       1,       1 x  5.21E-03 y  5.21E-03
 Wall clock    1.3791658878326416     
 Average time per cell    1.9434944983211603E-008
 Step time per cell       1.9389101200633579E-008
 Step      78 time   0.4445011 control    sound    timestep   5.85E-03       1,       1 x  5.21E-03 y  5.21E-03
 Wall clock    1.3970060348510742     
 Average time per cell    1.9433955924633222E-008
 Step time per cell       1.9339171962605584E-008
 Step      79 time   0.4503467 control    sound    timestep   5.85E-03       1,       1 x  5.21E-03 y  5.21E-03
 Wall clock    1.4149918556213379     
 Average time per cell    1.9434992742689350E-008
 Step time per cell       1.9499566406011581E-008
 Step      80 time   0.4561928 control    sound    timestep   5.85E-03       1,       1 x  5.21E-03 y  5.21E-03

 Time   0.46203954637309896     
                       Volume            Mass         Density        Pressure Internal Energy  Kinetic Energy    Total Energy
 step:     80      0.1000E+03      0.2800E+02      0.2800E+00      0.1675E+00      0.4188E+02      0.1099E+01      0.4298E+02

 Wall clock    1.4336640834808350     
 Average time per cell    1.9445313632281290E-008
 Step time per cell       2.0244107064273621E-008
 Step      81 time   0.4620395 control    sound    timestep   5.85E-03       1,       1 x  5.21E-03 y  5.21E-03
 Wall clock    1.4514710903167725     
 Average time per cell    1.9443789254286326E-008
 Step time per cell       1.9312267088227802E-008
 Step      82 time   0.4678869 control    sound    timestep   5.85E-03       1,       1 x  5.21E-03 y  5.21E-03
 Wall clock    1.4694080352783203     
 Average time per cell    1.9444021469532311E-008
 Step time per cell       1.9447826262977387E-008
 Step      83 time   0.4737342 control    sound    timestep   5.85E-03       1,       1 x  5.21E-03 y  5.21E-03
 Wall clock    1.4872210025787354     
 Average time per cell    1.9442627313665278E-008
 Step time per cell       1.9315371496809854E-008
 Step      84 time   0.4795816 control    sound    timestep   5.85E-03       1,       1 x  5.21E-03 y  5.21E-03
 Wall clock    1.5051169395446777     
 Average time per cell    1.9442338112091263E-008
 Step time per cell       1.9404364542828664E-008
 Step      85 time   0.4854290 control    sound    timestep   5.85E-03       1,       1 x  5.21E-03 y  5.21E-03
 Wall clock    1.5229380130767822     
 Average time per cell    1.9441100044382942E-008
 Step time per cell       1.9322873817549811E-008
 Step      86 time   0.4912765 control    sound    timestep   5.85E-03       1,       1 x  5.21E-03 y  5.21E-03
 Wall clock    1.5413820743560791     
 Average time per cell    1.9447751059281116E-008
 Step time per cell       1.9999117487006718E-008
 Step      87 time   0.4971244 control    sound    timestep   5.85E-03       1,       1 x  5.21E-03 y  5.21E-03

 Time   0.50297235683269470     
                       Volume            Mass         Density        Pressure Internal Energy  Kinetic Energy    Total Energy
 step:     87      0.1000E+03      0.2800E+02      0.2800E+00      0.1671E+00      0.4179E+02      0.1193E+01      0.4298E+02


 Calculation complete
 Clover is finishing
 Wall clock    1.5602529048919678     
 First step overhead   8.5616111755371094E-004

Profiler Output                 Time            Percentage
Timestep              :          0.1561         10.0059
Ideal Gas             :          0.0447          2.8665
Viscosity             :          0.1623         10.4003
PdV                   :          0.1893         12.1320
Revert                :          0.0192          1.2277
Acceleration          :          0.0835          5.3519
Fluxes                :          0.0431          2.7655
Cell Advection        :          0.3011         19.3013
Momentum Advection    :          0.4776         30.6083
Reset                 :          0.0395          2.5348
Summary               :          0.0052          0.3334
Visit                 :          0.0000          0.0000
Tile Halo Exchange    :          0.0000          0.0014
Self Halo Exchange    :          0.0085          0.5434
MPI Halo Exchange     :          0.0300          1.9236
Total                 :          1.5602         99.9960
The Rest              :          0.0001          0.0040
