
Clover Version    1.300
       MPI Version
    OpenMP Version
   Task Count      4
 Thread Count:     4

 Clover will run from the following input:-

*clover                                                                                             
                                                                                                    
 state 1 density=0.2 energy 1.0                                                                     
 state 2 density=1.0 energy=2.5 geometry=rectangle xmin=0.0 xmax=5.0 ymin=0.0 ymax=2.0              
                                                                                                    
 x_cells=960                                                                                        
 y_cells=960                                                                                        
                                                                                                    
 xmin=0.0                                                                                           
 ymin=0.0                                                                                           
 xmax=10.0                                                                                          
 ymax=10.0                                                                                          
                                                                                                    
 initial_timestep=0.04                                                                              
 timestep_rise=1.5                                                                                  
 max_timestep=0.04                                                                                  
                                                                                                    
 end_step=87                                                                                        
 test_problem 2                                                                                     
 profiler_on                                                                                        
                                                                                                    
*endclover                                                                                          

 Initialising and generating

 Reading input file

 Reading specification for state            1

            state density   0.2000E+00
             state energy   0.1000E+01

 Reading specification for state            2

            state density   0.1000E+01
             state energy   0.2500E+01
 state geometry rectangular
               state xmin   0.0000E+00
               state xmax   0.5000E+01
               state ymin   0.0000E+00
               state ymax   0.2000E+01

                   x_cells         960
                   y_cells         960
                      xmin  0.0000E+00
                      ymin  0.0000E+00
                      xmax  0.1000E+02
                      ymax  0.1000E+02
         initial_timestep   0.4000E-01
             timestep_rise  0.1500E+01
              max_timestep  0.4000E-01
                  end_step          87
              test_problem           2
               Profiler on

     Using Fortran Kernels

 Input read finished.

 Setting up initial geometry


 Mesh ratio of    1.0000000000000000     
 Decomposing the mesh into            2  by            2  chunks
 Decomposing the chunk with            1  tiles

 Generating chunks

 Problem initialised and generated

 Time    0.0000000000000000     
                       Volume            Mass         Density        Pressure Internal Energy  Kinetic Energy    Total Energy
 step:      0      0.1000E+03      0.2800E+02      0.2800E+00      0.1720E+00      0.4300E+02      0.0000E+00      0.4300E+02

 Starting the calculation
 Step       1 time   0.0000000 control    sound    timestep   6.16E-03       1,       1 x  5.21E-03 y  5.21E-03
 Wall clock    1.8514156341552734E-002
 Average time per cell    2.0089145335886212E-008
 Step time per cell       2.0090180138746896E-008
 Step       2 time   0.0061626 control    sound    timestep   3.76E-03       1,       1 x  5.21E-03 y  5.21E-03
 Wall clock    3.6714076995849609E-002
 Average time per cell    1.9918661564588546E-008
 Step time per cell       1.9635384281476338E-008
 Step       3 time   0.0099242 control    sound    timestep   4.78E-03       1,       1 x  5.21E-03 y  5.21E-03
 Wall clock    5.4047107696533203E-002
 Average time per cell    1.9548288374035446E-008
 Step time per cell       1.8767443382077747E-008
 Step       4 time   0.0147037 control    sound    timestep   5.04E-03       1,       1 x  5.21E-03 y  5.21E-03
 Wall clock    7.2774171829223633E-002
 Average time per cell    1.9741257549160057E-008
 Step time per cell       2.0286533981561660E-008
 Step       5 time   0.0197397 control    sound    timestep   5.54E-03       1,       1 x  5.21E-03 y  5.21E-03
 Wall clock    9.1703176498413086E-002
 Average time per cell    1.9900862955384783E-008
 Step time per cell       2.0509016596608692E-008
 Step       6 time   0.0252815 control    sound    timestep   5.53E-03       1,       1 x  5.21E-03 y  5.21E-03
 Wall clock   0.10948801040649414     
 Average time per cell    1.9800349104183690E-008
 Step time per cell       1.9275014185243184E-008
 Step       7 time   0.0308107 control    sound    timestep   5.63E-03       1,       1 x  5.21E-03 y  5.21E-03
 Wall clock   0.12813401222229004     
 Average time per cell    1.9862043065211131E-008
 Step time per cell       2.0196247431966994E-008
 Step       8 time   0.0364452 control    sound    timestep   5.93E-03       1,       1 x  5.21E-03 y  5.21E-03
 Wall clock   0.14647912979125977     
 Average time per cell    1.9867503498163489E-008
 Step time per cell       1.9874165041579140E-008
 Step       9 time   0.0423713 control    sound    timestep   5.86E-03       1,       1 x  5.21E-03 y  5.21E-03
 Wall clock   0.16425299644470215     
 Average time per cell    1.9802878622287584E-008
 Step time per cell       1.9264148755206003E-008
 Step      10 time   0.0482336 control    sound    timestep   5.82E-03       1,       1 x  5.21E-03 y  5.21E-03

 Time    5.4054230746582305E-002
                       Volume            Mass         Density        Pressure Internal Energy  Kinetic Energy    Total Energy
 step:     10      0.1000E+03      0.2800E+02      0.2800E+00      0.1715E+00      0.4286E+02      0.1272E+00      0.4299E+02

 Wall clock   0.18347907066345215     
 Average time per cell    1.9908753327197499E-008
 Step time per cell       2.0826701074838639E-008
 Step      11 time   0.0540542 control    sound    timestep   5.78E-03       1,       1 x  5.21E-03 y  5.21E-03
 Wall clock   0.20093011856079102     
 Average time per cell    1.9820284738083079E-008
 Step time per cell       1.8920335504743788E-008
 Step      12 time   0.0598338 control    sound    timestep   5.76E-03       1,       1 x  5.21E-03 y  5.21E-03
 Wall clock   0.21869516372680664     
 Average time per cell    1.9774953317311074E-008
 Step time per cell       1.9246039705144035E-008
 Step      13 time   0.0655905 control    sound    timestep   5.77E-03       1,       1 x  5.21E-03 y  5.21E-03
 Wall clock   0.23670101165771484     
 Average time per cell    1.9756695016836509E-008
 Step time per cell       1.9499825106726753E-008
 Step      14 time   0.0713614 control    sound    timestep   5.79E-03       1,       1 x  5.21E-03 y  5.21E-03
 Wall clock   0.25430202484130859     
 Average time per cell    1.9709668343975430E-008
 Step time per cell       1.9059257788790596E-008
 Step      15 time   0.0771552 control    sound    timestep   5.80E-03       1,       1 x  5.21E-03 y  5.21E-03
 Wall clock   0.27258896827697754     
 Average time per cell    1.9718530691332286E-008
 Step time per cell       1.9811042067077424E-008
 Step      16 time   0.0829578 control    sound    timestep   5.80E-03       1,       1 x  5.21E-03 y  5.21E-03
 Wall clock   0.31200718879699707     
 Average time per cell    2.1159341688164408E-008
 Step time per cell       4.2693379024664563E-008
 Step      17 time   0.0887628 control    sound    timestep   5.81E-03       1,       1 x  5.21E-03 y  5.21E-03
 Wall clock   0.33065915107727051     
 Average time per cell    2.1105184785875618E-008
 Step time per cell       2.0079314708709716E-008
 Step      18 time   0.0945706 control    sound    timestep   5.81E-03       1,       1 x  5.21E-03 y  5.21E-03
 Wall clock   0.34870100021362305     
 Average time per cell    2.1020266698834337E-008
 Step time per cell       1.9541993323299620E-008
 Step      19 time   0.1003799 control    sound    timestep   5.81E-03       1,       1 x  5.21E-03 y  5.21E-03
 Wall clock   0.36648702621459961     
 Average time per cell    2.0929677575303797E-008
 Step time per cell       1.9255611631605359E-008
 Step      20 time   0.1061897 control    sound    timestep   5.81E-03       1,       1 x  5.21E-03 y  5.21E-03

 Time   0.11200041577533880     
                       Volume            Mass         Density        Pressure Internal Energy  Kinetic Energy    Total Energy
 step:     20      0.1000E+03      0.2800E+02      0.2800E+00      0.1709E+00      0.4272E+02      0.2696E+00      0.4299E+02

 Wall clock   0.38507914543151855     
 Average time per cell    2.0891880720025963E-008
 Step time per cell       2.0139074573914211E-008
 Step      21 time   0.1120004 control    sound    timestep   5.81E-03       1,       1 x  5.21E-03 y  5.21E-03
 Wall clock   0.40264511108398438     
 Average time per cell    2.0804662237722405E-008
 Step time per cell       1.9045287950171363E-008
 Step      22 time   0.1178143 control    sound    timestep   5.82E-03       1,       1 x  5.21E-03 y  5.21E-03
 Wall clock   0.42033004760742188     
 Average time per cell    2.0731240510940553E-008
 Step time per cell       1.9155753155549366E-008
 Step      23 time   0.1236298 control    sound    timestep   5.82E-03       1,       1 x  5.21E-03 y  5.21E-03
 Wall clock   0.43825507164001465     
 Average time per cell    2.0675529874321343E-008
 Step time per cell       1.9411866863568624E-008
 Step      24 time   0.1294460 control    sound    timestep   5.82E-03       1,       1 x  5.21E-03 y  5.21E-03
 Wall clock   0.45584011077880859     
 Average time per cell    2.0609090656593995E-008
 Step time per cell       1.9048392358753415E-008
 Step      25 time   0.1352640 control    sound    timestep   5.82E-03       1,       1 x  5.21E-03 y  5.21E-03
 Wall clock   0.47304415702819824     
 Average time per cell    2.0531430426571104E-008
 Step time per cell       1.8636282119486067E-008
 Step      26 time   0.1410837 control    sound    timestep   5.82E-03       1,       1 x  5.21E-03 y  5.21E-03
 Wall clock   0.49062705039978027     
 Average time per cell    2.0475554654104078E-008
 Step time per cell       1.9050461964474783E-008
 Step      27 time   0.1469049 control    sound    timestep   5.82E-03       1,       1 x  5.21E-03 y  5.21E-03
 Wall clock   0.50846815109252930     
 Average time per cell    2.0434194600876466E-008
 Step time per cell       1.9325202123986351E-008
 Step      28 time   0.1527276 control    sound    timestep   5.82E-03       1,       1 x  5.21E-03 y  5.21E-03
 Wall clock   0.52662801742553711     
 Average time per cell    2.0408141796314529E-008
 Step time per cell       1.9664617462290659E-008
 Step      29 time   0.1585506 control    sound    timestep   5.82E-03       1,       1 x  5.21E-03 y  5.21E-03
 Wall clock   0.54463911056518555     
 Average time per cell    2.0378319211161457E-008
 Step time per cell       1.9510690536763934E-008
 Step      30 time   0.1643742 control    sound    timestep   5.82E-03       1,       1 x  5.21E-03 y  5.21E-03

 Time   0.17019802332004386     
                       Volume            Mass         Density        Pressure Internal Energy  Kinetic Energy    Total Energy
 step:     30      0.1000E+03      0.2800E+02      0.2800E+00      0.1703E+00      0.4258E+02      0.4108E+00      0.4299E+02

 Wall clock   0.56307697296142578     
 Average time per cell    2.0365920607690457E-008
 Step time per cell       1.9975058320495817E-008
 Step      31 time   0.1701980 control    sound    timestep   5.82E-03       1,       1 x  5.21E-03 y  5.21E-03
 Wall clock   0.58094000816345215     
 Average time per cell    2.0334201674628000E-008
 Step time per cell       1.9365042034122678E-008
 Step      32 time   0.1760221 control    sound    timestep   5.82E-03       1,       1 x  5.21E-03 y  5.21E-03
 Wall clock   0.59906601905822754     
 Average time per cell    2.0313382265157997E-008
 Step time per cell       1.9643921405076982E-008
 Step      33 time   0.1818467 control    sound    timestep   5.83E-03       1,       1 x  5.21E-03 y  5.21E-03
 Wall clock   0.61699509620666504     
 Average time per cell    2.0287349280785228E-008
 Step time per cell       1.9431528117921617E-008
 Step      34 time   0.1876721 control    sound    timestep   5.83E-03       1,       1 x  5.21E-03 y  5.21E-03
 Wall clock   0.63454508781433105     
 Average time per cell    2.0250749585577865E-008
 Step time per cell       1.9002861032883325E-008
 Step      35 time   0.1934982 control    sound    timestep   5.83E-03       1,       1 x  5.21E-03 y  5.21E-03
 Wall clock   0.65208315849304199     
 Average time per cell    2.0215871729074963E-008
 Step time per cell       1.8994323909282684E-008
 Step      36 time   0.1993254 control    sound    timestep   5.83E-03       1,       1 x  5.21E-03 y  5.21E-03
 Wall clock   0.66946697235107422     
 Average time per cell    2.0178282104524565E-008
 Step time per cell       1.8818148722251257E-008
 Step      37 time   0.2051535 control    sound    timestep   5.83E-03       1,       1 x  5.21E-03 y  5.21E-03
 Wall clock   0.68687105178833008     
 Average time per cell    2.0143318664025258E-008
 Step time per cell       1.8863938748836516E-008
 Step      38 time   0.2109826 control    sound    timestep   5.83E-03       1,       1 x  5.21E-03 y  5.21E-03
 Wall clock   0.70500707626342773     
 Average time per cell    2.0131095699225252E-008
 Step time per cell       1.9649612820810742E-008
 Step      39 time   0.2168128 control    sound    timestep   5.83E-03       1,       1 x  5.21E-03 y  5.21E-03
 Wall clock   0.72320914268493652     
 Average time per cell    2.0121336991545821E-008
 Step time per cell       1.9708079182439381E-008
 Step      40 time   0.2226435 control    sound    timestep   5.83E-03       1,       1 x  5.21E-03 y  5.21E-03

 Time   0.22847442549522459     
                       Volume            Mass         Density        Pressure Internal Energy  Kinetic Energy    Total Energy
 step:     40      0.1000E+03      0.2800E+02      0.2800E+00      0.1697E+00      0.4243E+02      0.5509E+00      0.4299E+02

 Wall clock   0.74148416519165039     
 Average time per cell    2.0114045279721419E-008
 Step time per cell       1.9798365732034047E-008
 Step      41 time   0.2284744 control    sound    timestep   5.83E-03       1,       1 x  5.21E-03 y  5.21E-03
 Wall clock   0.75871300697326660     
 Average time per cell    2.0079421974859909E-008
 Step time per cell       1.8667326205306584E-008
 Step      42 time   0.2343054 control    sound    timestep   5.83E-03       1,       1 x  5.21E-03 y  5.21E-03
 Wall clock   0.77632117271423340     
 Average time per cell    2.0056247228273639E-008
 Step time per cell       1.9080988648864957E-008
 Step      43 time   0.2401365 control    sound    timestep   5.83E-03       1,       1 x  5.21E-03 y  5.21E-03
 Wall clock   0.79447317123413086     
 Average time per cell    2.0047873547372891E-008
 Step time per cell       1.9662547856569291E-008
 Step      44 time   0.2459680 control    sound    timestep   5.83E-03       1,       1 x  5.21E-03 y  5.21E-03
 Wall clock   0.81235909461975098     
 Average time per cell    2.0033318897464661E-008
 Step time per cell       1.9382633682754306E-008
 Step      45 time   0.2518000 control    sound    timestep   5.83E-03       1,       1 x  5.21E-03 y  5.21E-03
 Wall clock   0.82995700836181641     
 Average time per cell    2.0012466443909540E-008
 Step time per cell       1.9068829715251924E-008
 Step      46 time   0.2576322 control    sound    timestep   5.83E-03       1,       1 x  5.21E-03 y  5.21E-03
 Wall clock   0.84830808639526367     
 Average time per cell    2.0010286609187793E-008
 Step time per cell       1.9881667362319100E-008
 Step      47 time   0.2634649 control    sound    timestep   5.83E-03       1,       1 x  5.21E-03 y  5.21E-03
 Wall clock   0.86641407012939453     
 Average time per cell    2.0002541143279832E-008
 Step time per cell       1.9540958520438936E-008
 Step      48 time   0.2692983 control    sound    timestep   5.83E-03       1,       1 x  5.21E-03 y  5.21E-03
 Wall clock   0.88472604751586914     
 Average time per cell    1.9999775017991110E-008
 Step time per cell       1.9836136036449009E-008
 Step      49 time   0.2751323 control    sound    timestep   5.83E-03       1,       1 x  5.21E-03 y  5.21E-03
 Wall clock   0.90314817428588867     
 Average time per cell    1.9999560973947010E-008
 Step time per cell       1.9933924906783635E-008
 Step      50 time   0.2809670 control    sound    timestep   5.84E-03       1,       1 x  5.21E-03 y  5.21E-03

 Time   0.28680234066587584     
                       Volume            Mass         Density        Pressure Internal Energy  Kinetic Energy    Total Energy
 step:     50      0.1000E+03      0.2800E+02      0.2800E+00      0.1692E+00      0.4229E+02      0.6898E+00      0.4298E+02

 Wall clock   0.92240595817565918     
 Average time per cell    2.0017490411798160E-008
 Step time per cell       2.0860332167810865E-008
 Step      51 time   0.2868023 control    sound    timestep   5.84E-03       1,       1 x  5.21E-03 y  5.21E-03
 Wall clock   0.94055509567260742     
 Average time per cell    2.0011129316291517E-008
 Step time per cell       1.9671343680885103E-008
 Step      52 time   0.2926385 control    sound    timestep   5.84E-03       1,       1 x  5.21E-03 y  5.21E-03
 Wall clock   0.95920610427856445     
 Average time per cell    2.0015485282255035E-008
 Step time per cell       2.0205043256282807E-008
 Step      53 time   0.2984756 control    sound    timestep   5.84E-03       1,       1 x  5.21E-03 y  5.21E-03
 Wall clock   0.97789716720581055     
 Average time per cell    2.0020496904600092E-008
 Step time per cell       2.0256265997886658E-008
 Step      54 time   0.3043128 control    sound    timestep   5.84E-03       1,       1 x  5.21E-03 y  5.21E-03
 Wall clock   0.99726605415344238     
 Average time per cell    2.0038943024881093E-008
 Step time per cell       2.0991752131117716E-008
 Step      55 time   0.3101501 control    sound    timestep   5.84E-03       1,       1 x  5.21E-03 y  5.21E-03
 Wall clock    1.0156490802764893     
 Average time per cell    2.0037268787020384E-008
 Step time per cell       1.9908830937412049E-008
 Step      56 time   0.3159874 control    sound    timestep   5.84E-03       1,       1 x  5.21E-03 y  5.21E-03
 Wall clock    1.0331289768218994     
 Average time per cell    2.0018155087849924E-008
 Step time per cell       1.8932235737641652E-008
 Step      57 time   0.3218249 control    sound    timestep   5.84E-03       1,       1 x  5.21E-03 y  5.21E-03
 Wall clock    1.0505859851837158     
 Average time per cell    1.9999276338323049E-008
 Step time per cell       1.8908435271845923E-008
 Step      58 time   0.3276627 control    sound    timestep   5.84E-03       1,       1 x  5.21E-03 y  5.21E-03
 Wall clock    1.0682210922241211     
 Average time per cell    1.9984380466956288E-008
 Step time per cell       1.9099356399642098E-008
 Step      59 time   0.3335009 control    sound    timestep   5.84E-03       1,       1 x  5.21E-03 y  5.21E-03
 Wall clock    1.0875871181488037     
 Average time per cell    2.0001822882621300E-008
 Step time per cell       2.0983215007517072E-008
 Step      60 time   0.3393393 control    sound    timestep   5.84E-03       1,       1 x  5.21E-03 y  5.21E-03

 Time   0.34517805847536881     
                       Volume            Mass         Density        Pressure Internal Energy  Kinetic Energy    Total Energy
 step:     60      0.1000E+03      0.2800E+02      0.2800E+00      0.1686E+00      0.4216E+02      0.8276E+00      0.4298E+02

 Wall clock    1.1077661514282227     
 Average time per cell    2.0033386708409698E-008
 Step time per cell       2.1858916928370795E-008
 Step      61 time   0.3451781 control    sound    timestep   5.84E-03       1,       1 x  5.21E-03 y  5.21E-03
 Wall clock    1.1258761882781982     
 Average time per cell    2.0027112297184481E-008
 Step time per cell       1.9584420240587658E-008
 Step      62 time   0.3510173 control    sound    timestep   5.84E-03       1,       1 x  5.21E-03 y  5.21E-03
 Wall clock    1.1449911594390869     
 Average time per cell    2.0038627762360813E-008
 Step time per cell       2.0688037491506999E-008
 Step      63 time   0.3568572 control    sound    timestep   5.84E-03       1,       1 x  5.21E-03 y  5.21E-03
 Wall clock    1.1630580425262451     
 Average time per cell    2.0031726096199933E-008
 Step time per cell       1.9574589613411162E-008
 Step      64 time   0.3626976 control    sound    timestep   5.84E-03       1,       1 x  5.21E-03 y  5.21E-03
 Wall clock    1.1810081005096436     
 Average time per cell    2.0023059429756055E-008
 Step time per cell       1.9449895868698755E-008
 Step      65 time   0.3685385 control    sound    timestep   5.84E-03       1,       1 x  5.21E-03 y  5.21E-03
 Wall clock    1.1993660926818848     
 Average time per cell    2.0021469228797487E-008
 Step time per cell       1.9889428383774228E-008
 Step      66 time   0.3743800 control    sound    timestep   5.84E-03       1,       1 x  5.21E-03 y  5.21E-03
 Wall clock    1.2168440818786621     
 Average time per cell    2.0005459574236213E-008
 Step time per cell       1.8927837825483748E-008
 Step      67 time   0.3802224 control    sound    timestep   5.84E-03       1,       1 x  5.21E-03 y  5.21E-03
 Wall clock    1.2350490093231201     
 Average time per cell    2.0001700632953724E-008
 Step time per cell       1.9718944612476562E-008
 Step      68 time   0.3860650 control    sound    timestep   5.84E-03       1,       1 x  5.21E-03 y  5.21E-03
 Wall clock    1.2531740665435791     
 Average time per cell    1.9996777767303333E-008
 Step time per cell       1.9636419084337022E-008
 Step      69 time   0.3919077 control    sound    timestep   5.84E-03       1,       1 x  5.21E-03 y  5.21E-03
 Wall clock    1.2710051536560059     
 Average time per cell    1.9987374724109391E-008
 Step time per cell       1.9312267088227802E-008
 Step      70 time   0.3977504 control    sound    timestep   5.84E-03       1,       1 x  5.21E-03 y  5.21E-03

 Time   0.40359323425419447     
                       Volume            Mass         Density        Pressure Internal Energy  Kinetic Energy    Total Energy
 step:     70      0.1000E+03      0.2800E+02      0.2800E+00      0.1681E+00      0.4202E+02      0.9641E+00      0.4298E+02

 Wall clock    1.2909929752349854     
 Average time per cell    2.0011671863141514E-008
 Step time per cell       2.1647041042645771E-008
 Step      71 time   0.4035932 control    sound    timestep   5.84E-03       1,       1 x  5.21E-03 y  5.21E-03
 Wall clock    1.3085751533508301     
 Average time per cell    1.9998519924791394E-008
 Step time per cell       1.9059257788790596E-008
 Step      72 time   0.4094363 control    sound    timestep   5.84E-03       1,       1 x  5.21E-03 y  5.21E-03
 Wall clock    1.3257741928100586     
 Average time per cell    1.9979959261822110E-008
 Step time per cell       1.8627486295170254E-008
 Step      73 time   0.4152797 control    sound    timestep   5.84E-03       1,       1 x  5.21E-03 y  5.21E-03
 Wall clock    1.3446669578552246     
 Average time per cell    1.9987082587983149E-008
 Step time per cell       2.0463226570023430E-008
 Step      74 time   0.4211232 control    sound    timestep   5.84E-03       1,       1 x  5.21E-03 y  5.21E-03
 Wall clock    1.3623621463775635     
 Average time per cell    1.9976453206784375E-008
 Step time per cell       1.9154718352688685E-008
 Step      75 time   0.4269671 control    sound    timestep   5.84E-03       1,       1 x  5.21E-03 y  5.21E-03
 Wall clock    1.3806140422821045     
 Average time per cell    1.9974161491349892E-008
 Step time per cell       1.9770943456225925E-008
 Step      76 time   0.4328113 control    sound    timestep   5.84E-03       1,       1 x  5.21E-03 y  5.21E-03
 Wall clock    1.3988161087036133     
 Average time per cell    1.9971218657249595E-008
 Step time per cell       1.9726705633931691E-008
 Step      77 time   0.4386560 control    sound    timestep   5.85E-03       1,       1 x  5.21E-03 y  5.21E-03
 Wall clock    1.4161260128021240     
 Average time per cell    1.9955780077591258E-008
 Step time per cell       1.8752180039882661E-008
 Step      78 time   0.4445011 control    sound    timestep   5.85E-03       1,       1 x  5.21E-03 y  5.21E-03
 Wall clock    1.4338531494140625     
 Average time per cell    1.9946541541661972E-008
 Step time per cell       1.9198180072837404E-008
 Step      79 time   0.4503467 control    sound    timestep   5.85E-03       1,       1 x  5.21E-03 y  5.21E-03
 Wall clock    1.4512419700622559     
 Average time per cell    1.9932890103922951E-008
 Step time per cell       1.8836775173743566E-008
 Step      80 time   0.4561928 control    sound    timestep   5.85E-03       1,       1 x  5.21E-03 y  5.21E-03

 Time   0.46203954637309896     
                       Volume            Mass         Density        Pressure Internal Energy  Kinetic Energy    Total Energy
 step:     80      0.1000E+03      0.2800E+02      0.2800E+00      0.1675E+00      0.4188E+02      0.1099E+01      0.4298E+02

 Wall clock    1.4697871208190918     
 Average time per cell    1.9935263682984643E-008
 Step time per cell       2.0089145335886212E-008
 Step      81 time   0.4620395 control    sound    timestep   5.85E-03       1,       1 x  5.21E-03 y  5.21E-03
 Wall clock    1.4870979785919189     
 Average time per cell    1.9921044166236910E-008
 Step time per cell       1.8770547790659799E-008
 Step      82 time   0.4678869 control    sound    timestep   5.85E-03       1,       1 x  5.21E-03 y  5.21E-03
 Wall clock    1.5049941539764404     
 Average time per cell    1.9914916713992109E-008
 Step time per cell       1.9383668485614987E-008
 Step      83 time   0.4737342 control    sound    timestep   5.85E-03       1,       1 x  5.21E-03 y  5.21E-03
 Wall clock    1.5227279663085938     
 Average time per cell    1.9906814318584151E-008
 Step time per cell       1.9214219517178005E-008
 Step      84 time   0.4795816 control    sound    timestep   5.85E-03       1,       1 x  5.21E-03 y  5.21E-03
 Wall clock    1.5406610965728760     
 Average time per cell    1.9901479525422608E-008
 Step time per cell       1.9407468951410716E-008
 Step      85 time   0.4854290 control    sound    timestep   5.85E-03       1,       1 x  5.21E-03 y  5.21E-03
 Wall clock    1.5587179660797119     
 Average time per cell    1.9897849852937500E-008
 Step time per cell       1.9557256665494708E-008
 Step      86 time   0.4912765 control    sound    timestep   5.85E-03       1,       1 x  5.21E-03 y  5.21E-03
 Wall clock    1.5763101577758789     
 Average time per cell    1.9888441711279156E-008
 Step time per cell       1.9049685862329271E-008
 Step      87 time   0.4971244 control    sound    timestep   5.85E-03       1,       1 x  5.21E-03 y  5.21E-03

 Time   0.50297235683269470     
                       Volume            Mass         Density        Pressure Internal Energy  Kinetic Energy    Total Energy
 step:     87      0.1000E+03      0.2800E+02      0.2800E+00      0.1671E+00      0.4179E+02      0.1193E+01      0.4298E+02

Test problem   2 is within   0.9706014E-11% of the expected solution
 This test is considered PASSED

 Calculation complete
 Clover is finishing
 Wall clock    1.5950901508331299     
 First step overhead   4.1818618774414062E-004

Profiler Output                 Time            Percentage
Timestep              :          0.0507          3.1792
Ideal Gas             :          0.0373          2.3375
Viscosity             :          0.0358          2.2418
PdV                   :          0.1323          8.2917
Revert                :          0.0220          1.3777
Acceleration          :          0.0620          3.8849
Fluxes                :          0.0456          2.8581
Cell Advection        :          0.1375          8.6222
Momentum Advection    :          0.3146         19.7200
Reset                 :          0.0344          2.1584
Summary               :          0.0022          0.1362
Visit                 :          0.0000          0.0000
Tile Halo Exchange    :          0.0001          0.0087
Self Halo Exchange    :          0.2117         13.2693
MPI Halo Exchange     :          0.5088         31.8983
Total                 :          1.5948         99.9838
The Rest              :          0.0003          0.0162
