
Clover Version    1.300
       MPI Version
   Task Count      2

 Clover will run from the following input:-

*clover                                                                                             
                                                                                                    
 state 1 density=0.2 energy=1.0                                                                     
 state 2 density=1.0 energy=2.5 geometry=rectangle xmin=0.0 xmax=5.0 ymin=0.0 ymax=2.0              
                                                                                                    
 x_cells=960                                                                                        
 y_cells=960                                                                                        
                                                                                                    
 xmin=0.0                                                                                           
 ymin=0.0                                                                                           
 xmax=10.0                                                                                          
 ymax=10.0                                                                                          
                                                                                                    
 initial_timestep=0.04                                                                              
 timestep_rise=1.5                                                                                  
 max_timestep=0.04                                                                                  
 end_time=0.5                                                                                       
 end_step=87                                                                                        
 profiler_on                                                                                        
 tiles_per_chunk 1                                                                                  
*endclover                                                                                          

 Initialising and generating

 Reading input file

 Reading specification for state            1

            state density   0.2000E+00
             state energy   0.1000E+01

 Reading specification for state            2

            state density   0.1000E+01
             state energy   0.2500E+01
 state geometry rectangular
               state xmin   0.0000E+00
               state xmax   0.5000E+01
               state ymin   0.0000E+00
               state ymax   0.2000E+01

                   x_cells         960
                   y_cells         960
                      xmin  0.0000E+00
                      ymin  0.0000E+00
                      xmax  0.1000E+02
                      ymax  0.1000E+02
         initial_timestep   0.4000E-01
             timestep_rise  0.1500E+01
              max_timestep  0.4000E-01
                  end_time  0.5000E+00
                  end_step          87
               Profiler on
           tiles_per_chunk           1

     Using Fortran Kernels

 Input read finished.

 Setting up initial geometry


 Mesh ratio of    1.0000000000000000     
 Decomposing the mesh into            2  by            1  chunks
 Decomposing the chunk with            1  tiles

 Generating chunks

 Problem initialised and generated

 Time    0.0000000000000000     
                       Volume            Mass         Density        Pressure Internal Energy  Kinetic Energy    Total Energy
 step:      0      0.1000E+03      0.2800E+02      0.2800E+00      0.1720E+00      0.4300E+02      0.0000E+00      0.4300E+02

 Starting the calculation
 Step       1 time   0.0000000 control    sound    timestep   6.16E-03       1,       1 x  5.21E-03 y  5.21E-03
 Wall clock    1.9818067550659180E-002
 Average time per cell    2.1503979547156227E-008
 Step time per cell       2.1503979547156227E-008
 Step       2 time   0.0061626 control    sound    timestep   3.76E-03       1,       1 x  5.21E-03 y  5.21E-03
 Wall clock    3.8576126098632812E-002
 Average time per cell    2.0928887857331169E-008
 Step time per cell       2.0331030504571066E-008
 Step       3 time   0.0099242 control    sound    timestep   4.78E-03       1,       1 x  5.21E-03 y  5.21E-03
 Wall clock    5.8475017547607422E-002
 Average time per cell    2.1149818268087174E-008
 Step time per cell       2.1560376303063498E-008
 Step       4 time   0.0147037 control    sound    timestep   5.04E-03       1,       1 x  5.21E-03 y  5.21E-03
 Wall clock    7.7600002288818359E-002
 Average time per cell    2.1050347843103940E-008
 Step time per cell       2.0712872760163413E-008
 Step       5 time   0.0197397 control    sound    timestep   5.54E-03       1,       1 x  5.21E-03 y  5.21E-03
 Wall clock    9.6665143966674805E-002
 Average time per cell    2.0977678812212413E-008
 Step time per cell       2.0668376237154006E-008
 Step       6 time   0.0252815 control    sound    timestep   5.53E-03       1,       1 x  5.21E-03 y  5.21E-03
 Wall clock   0.11537408828735352     
 Average time per cell    2.0864816313540495E-008
 Step time per cell       2.0284205675125123E-008
 Step       7 time   0.0308107 control    sound    timestep   5.63E-03       1,       1 x  5.21E-03 y  5.21E-03
 Wall clock   0.13375115394592285     
 Average time per cell    2.0732755757986553E-008
 Step time per cell       1.9916591958867178E-008
 Step       8 time   0.0364452 control    sound    timestep   5.93E-03       1,       1 x  5.21E-03 y  5.21E-03
 Wall clock   0.15203809738159180     
 Average time per cell    2.0621486732529269E-008
 Step time per cell       1.9822166197829776E-008
 Step       9 time   0.0423713 control    sound    timestep   5.86E-03       1,       1 x  5.21E-03 y  5.21E-03
 Wall clock   0.17036509513854980     
 Average time per cell    2.0539773237190127E-008
 Step time per cell       1.9865369217263327E-008
 Step      10 time   0.0482336 control    sound    timestep   5.82E-03       1,       1 x  5.21E-03 y  5.21E-03

 Time    5.4054230746582305E-002
                       Volume            Mass         Density        Pressure Internal Energy  Kinetic Energy    Total Energy
 step:     10      0.1000E+03      0.2800E+02      0.2800E+00      0.1715E+00      0.4286E+02      0.1272E+00      0.4299E+02

 Wall clock   0.19168400764465332     
 Average time per cell    2.0799045968386862E-008
 Step time per cell       2.3110769689083101E-008
 Step      11 time   0.0540542 control    sound    timestep   5.78E-03       1,       1 x  5.21E-03 y  5.21E-03
 Wall clock   0.21129918098449707     
 Average time per cell    2.0843116811128578E-008
 Step time per cell       2.1265198787053425E-008
 Step      12 time   0.0598338 control    sound    timestep   5.76E-03       1,       1 x  5.21E-03 y  5.21E-03
 Wall clock   0.23024797439575195     
 Average time per cell    2.0819586805171438E-008
 Step time per cell       2.0526090843809977E-008
 Step      13 time   0.0655905 control    sound    timestep   5.77E-03       1,       1 x  5.21E-03 y  5.21E-03
 Wall clock   0.24861907958984375     
 Average time per cell    2.0751458966833914E-008
 Step time per cell       1.9916333258152010E-008
 Step      14 time   0.0713614 control    sound    timestep   5.79E-03       1,       1 x  5.21E-03 y  5.21E-03
 Wall clock   0.26698398590087891     
 Average time per cell    2.0692583232645005E-008
 Step time per cell       1.9902363419532777E-008
 Step      15 time   0.0771552 control    sound    timestep   5.80E-03       1,       1 x  5.21E-03 y  5.21E-03
 Wall clock   0.30923414230346680     
 Average time per cell    2.2369367932831801E-008
 Step time per cell       4.5823657678233251E-008
 Step      16 time   0.0829578 control    sound    timestep   5.80E-03       1,       1 x  5.21E-03 y  5.21E-03
 Wall clock   0.32762002944946289     
 Average time per cell    2.2218155208975076E-008
 Step time per cell       1.9910900543133418E-008
 Step      17 time   0.0887628 control    sound    timestep   5.81E-03       1,       1 x  5.21E-03 y  5.21E-03
 Wall clock   0.34616112709045410     
 Average time per cell    2.2094638932958928E-008
 Step time per cell       2.0101045568784077E-008
 Step      18 time   0.0945706 control    sound    timestep   5.81E-03       1,       1 x  5.21E-03 y  5.21E-03
 Wall clock   0.36574697494506836     
 Average time per cell    2.2047825939493413E-008
 Step time per cell       2.1169479522440167E-008
 Step      19 time   0.1003799 control    sound    timestep   5.81E-03       1,       1 x  5.21E-03 y  5.21E-03
 Wall clock   0.38424515724182129     
 Average time per cell    2.1943825226255326E-008
 Step time per cell       2.0049046725034714E-008
 Step      20 time   0.1061897 control    sound    timestep   5.81E-03       1,       1 x  5.21E-03 y  5.21E-03

 Time   0.11200041577533880     
                       Volume            Mass         Density        Pressure Internal Energy  Kinetic Energy    Total Energy
 step:     20      0.1000E+03      0.2800E+02      0.2800E+00      0.1709E+00      0.4272E+02      0.2696E+00      0.4299E+02

 Wall clock   0.40350008010864258     
 Average time per cell    2.1891280387838682E-008
 Step time per cell       2.0869127992126677E-008
 Step      21 time   0.1120004 control    sound    timestep   5.81E-03       1,       1 x  5.21E-03 y  5.21E-03
 Wall clock   0.42168498039245605     
 Average time per cell    2.1788451781190894E-008
 Step time per cell       1.9719979415337246E-008
 Step      22 time   0.1178143 control    sound    timestep   5.82E-03       1,       1 x  5.21E-03 y  5.21E-03
 Wall clock   0.44058513641357422     
 Average time per cell    2.1730248599943487E-008
 Step time per cell       2.0483922627237107E-008
 Step      23 time   0.1236298 control    sound    timestep   5.82E-03       1,       1 x  5.21E-03 y  5.21E-03
 Wall clock   0.45882201194763184     
 Average time per cell    2.1645815026213004E-008
 Step time per cell       1.9766545544068017E-008
 Step      24 time   0.1294460 control    sound    timestep   5.82E-03       1,       1 x  5.21E-03 y  5.21E-03
 Wall clock   0.47721195220947266     
 Average time per cell    2.1575337827757552E-008
 Step time per cell       1.9931596600347095E-008
 Step      25 time   0.1352640 control    sound    timestep   5.82E-03       1,       1 x  5.21E-03 y  5.21E-03
 Wall clock   0.49552202224731445     
 Average time per cell    2.1507032215595245E-008
 Step time per cell       1.9848036269346874E-008
 Step      26 time   0.1410837 control    sound    timestep   5.82E-03       1,       1 x  5.21E-03 y  5.21E-03
 Wall clock   0.51378703117370605     
 Average time per cell    2.1442100326092835E-008
 Step time per cell       1.9798107031318875E-008
 Step      27 time   0.1469049 control    sound    timestep   5.82E-03       1,       1 x  5.21E-03 y  5.21E-03
 Wall clock   0.53198409080505371     
 Average time per cell    2.1379247476411946E-008
 Step time per cell       1.9719979415337246E-008
 Step      28 time   0.1527276 control    sound    timestep   5.82E-03       1,       1 x  5.21E-03 y  5.21E-03
 Wall clock   0.55030608177185059     
 Average time per cell    2.1325725515092177E-008
 Step time per cell       1.9853468984365462E-008
 Step      29 time   0.1585506 control    sound    timestep   5.82E-03       1,       1 x  5.21E-03 y  5.21E-03
 Wall clock   0.56878900527954102     
 Average time per cell    2.1281916205682060E-008
 Step time per cell       2.0032489879263772E-008
 Step      30 time   0.1643742 control    sound    timestep   5.82E-03       1,       1 x  5.21E-03 y  5.21E-03

 Time   0.17019802332004386     
                       Volume            Mass         Density        Pressure Internal Energy  Kinetic Energy    Total Energy
 step:     30      0.1000E+03      0.2800E+02      0.2800E+00      0.1703E+00      0.4258E+02      0.4108E+00      0.4299E+02

 Wall clock   0.58796596527099609     
 Average time per cell    2.1266130109628042E-008
 Step time per cell       2.0788672069708505E-008
 Step      31 time   0.1701980 control    sound    timestep   5.82E-03       1,       1 x  5.21E-03 y  5.21E-03
 Wall clock   0.60757207870483398     
 Average time per cell    2.1266383803232595E-008
 Step time per cell       2.1261835677756204E-008
 Step      32 time   0.1760221 control    sound    timestep   5.82E-03       1,       1 x  5.21E-03 y  5.21E-03
 Wall clock   0.62923502922058105     
 Average time per cell    2.1336365736917490E-008
 Step time per cell       2.3441647903786764E-008
 Step      33 time   0.1818467 control    sound    timestep   5.83E-03       1,       1 x  5.21E-03 y  5.21E-03
 Wall clock   0.64767313003540039     
 Average time per cell    2.1296070405730496E-008
 Step time per cell       1.9986958553393682E-008
 Step      34 time   0.1876721 control    sound    timestep   5.83E-03       1,       1 x  5.21E-03 y  5.21E-03
 Wall clock   0.66607618331909180     
 Average time per cell    2.1257026887991849E-008
 Step time per cell       1.9950223051839404E-008
 Step      35 time   0.1934982 control    sound    timestep   5.83E-03       1,       1 x  5.21E-03 y  5.21E-03
 Wall clock   0.68442702293395996     
 Average time per cell    2.1218595701077629E-008
 Step time per cell       1.9896930704514185E-008
 Step      36 time   0.1993254 control    sound    timestep   5.83E-03       1,       1 x  5.21E-03 y  5.21E-03
 Wall clock   0.70282316207885742     
 Average time per cell    2.1183664944988709E-008
 Step time per cell       1.9944790336820815E-008
 Step      37 time   0.2051535 control    sound    timestep   5.83E-03       1,       1 x  5.21E-03 y  5.21E-03
 Wall clock   0.72159600257873535     
 Average time per cell    2.1161669557606492E-008
 Step time per cell       2.0352502663930256E-008
 Step      38 time   0.2109826 control    sound    timestep   5.83E-03       1,       1 x  5.21E-03 y  5.21E-03
 Wall clock   0.73985314369201660     
 Average time per cell    2.1126106305167688E-008
 Step time per cell       1.9789569907718234E-008
 Step      39 time   0.2168128 control    sound    timestep   5.83E-03       1,       1 x  5.21E-03 y  5.21E-03
 Wall clock   0.75830101966857910     
 Average time per cell    2.1097673490601049E-008
 Step time per cell       1.9998858786291547E-008
 Step      40 time   0.2226435 control    sound    timestep   5.83E-03       1,       1 x  5.21E-03 y  5.21E-03

 Time   0.22847442549522459     
                       Volume            Mass         Density        Pressure Internal Energy  Kinetic Energy    Total Energy
 step:     40      0.1000E+03      0.2800E+02      0.2800E+00      0.1697E+00      0.4243E+02      0.5509E+00      0.4299E+02

 Wall clock   0.77752113342285156     
 Average time per cell    2.1091610607173707E-008
 Step time per cell       2.0838860008451672E-008
 Step      41 time   0.2284744 control    sound    timestep   5.83E-03       1,       1 x  5.21E-03 y  5.21E-03
 Wall clock   0.79579401016235352     
 Average time per cell    2.1060774743880037E-008
 Step time per cell       1.9817768285671868E-008
 Step      42 time   0.2343054 control    sound    timestep   5.83E-03       1,       1 x  5.21E-03 y  5.21E-03
 Wall clock   0.81423807144165039     
 Average time per cell    2.1035829805350177E-008
 Step time per cell       1.9996789180570179E-008
 Step      43 time   0.2401365 control    sound    timestep   5.83E-03       1,       1 x  5.21E-03 y  5.21E-03
 Wall clock   0.83253216743469238     
 Average time per cell    2.1008260846523042E-008
 Step time per cell       1.9824235803551144E-008
 Step      44 time   0.2459680 control    sound    timestep   5.83E-03       1,       1 x  5.21E-03 y  5.21E-03
 Wall clock   0.85068511962890625     
 Average time per cell    2.0978464321656662E-008
 Step time per cell       1.9675741593043008E-008
 Step      45 time   0.2518000 control    sound    timestep   5.83E-03       1,       1 x  5.21E-03 y  5.21E-03
 Wall clock   0.86959695816040039     
 Average time per cell    2.0968290850704100E-008
 Step time per cell       2.0503325180874932E-008
 Step      46 time   0.2576322 control    sound    timestep   5.83E-03       1,       1 x  5.21E-03 y  5.21E-03
 Wall clock   0.89074611663818359     
 Average time per cell    2.1011334650470438E-008
 Step time per cell       2.2927609582742054E-008
 Step      47 time   0.2634649 control    sound    timestep   5.83E-03       1,       1 x  5.21E-03 y  5.21E-03
 Wall clock   0.91156601905822754     
 Average time per cell    2.1044945401573294E-008
 Step time per cell       2.2566204683648217E-008
 Step      48 time   0.2692983 control    sound    timestep   5.83E-03       1,       1 x  5.21E-03 y  5.21E-03
 Wall clock   0.93342614173889160     
 Average time per cell    2.1100670521802923E-008
 Step time per cell       2.3698020312521191E-008
 Step      49 time   0.2751323 control    sound    timestep   5.83E-03       1,       1 x  5.21E-03 y  5.21E-03
 Wall clock   0.95645213127136230     
 Average time per cell    2.1179938422782081E-008
 Step time per cell       2.4949096971087985E-008
 Step      50 time   0.2809670 control    sound    timestep   5.84E-03       1,       1 x  5.21E-03 y  5.21E-03

 Time   0.28680234066587584     
                       Volume            Mass         Density        Pressure Internal Energy  Kinetic Energy    Total Energy
 step:     50      0.1000E+03      0.2800E+02      0.2800E+00      0.1692E+00      0.4229E+02      0.6898E+00      0.4298E+02

 Wall clock   0.97939801216125488     
 Average time per cell    2.1254297138916121E-008
 Step time per cell       2.4870710654391184E-008
 Step      51 time   0.2868023 control    sound    timestep   5.84E-03       1,       1 x  5.21E-03 y  5.21E-03
 Wall clock   0.99784398078918457     
 Average time per cell    2.1230000272101048E-008
 Step time per cell       2.0004291501310135E-008
 Step      52 time   0.2926385 control    sound    timestep   5.84E-03       1,       1 x  5.21E-03 y  5.21E-03
 Wall clock    1.0164101123809814     
 Average time per cell    2.1209145307095132E-008
 Step time per cell       2.0124846034579806E-008
 Step      53 time   0.2984756 control    sound    timestep   5.84E-03       1,       1 x  5.21E-03 y  5.21E-03
 Wall clock    1.0349850654602051     
 Average time per cell    2.1189257924286823E-008
 Step time per cell       2.0130278749598398E-008
 Step      54 time   0.3043128 control    sound    timestep   5.84E-03       1,       1 x  5.21E-03 y  5.21E-03
 Wall clock    1.0538101196289062     
 Average time per cell    2.1175132612142054E-008
 Step time per cell       2.0410192923413383E-008
 Step      55 time   0.3101501 control    sound    timestep   5.84E-03       1,       1 x  5.21E-03 y  5.21E-03
 Wall clock    1.0723981857299805     
 Average time per cell    2.1156845520241091E-008
 Step time per cell       2.0155372718969980E-008
 Step      56 time   0.3159874 control    sound    timestep   5.84E-03       1,       1 x  5.21E-03 y  5.21E-03
 Wall clock    1.0909500122070312     
 Average time per cell    2.1138509351109702E-008
 Step time per cell       2.0113980604542626E-008
 Step      57 time   0.3218249 control    sound    timestep   5.84E-03       1,       1 x  5.21E-03 y  5.21E-03
 Wall clock    1.1107311248779297     
 Average time per cell    2.1144217624534174E-008
 Step time per cell       2.1448617594109640E-008
 Step      58 time   0.3276627 control    sound    timestep   5.84E-03       1,       1 x  5.21E-03 y  5.21E-03
 Wall clock    1.1312680244445801     
 Average time per cell    2.1163868393135252E-008
 Step time per cell       2.2268957561916775E-008
 Step      59 time   0.3335009 control    sound    timestep   5.84E-03       1,       1 x  5.21E-03 y  5.21E-03
 Wall clock    1.1513111591339111     
 Average time per cell    2.1173772200408854E-008
 Step time per cell       2.1727496965063944E-008
 Step      60 time   0.3393393 control    sound    timestep   5.84E-03       1,       1 x  5.21E-03 y  5.21E-03

 Time   0.34517805847536881     
                       Volume            Mass         Density        Pressure Internal Energy  Kinetic Energy    Total Energy
 step:     60      0.1000E+03      0.2800E+02      0.2800E+00      0.1686E+00      0.4216E+02      0.8276E+00      0.4298E+02

 Wall clock    1.1716141700744629     
 Average time per cell    2.1188045610432272E-008
 Step time per cell       2.2000943620999656E-008
 Step      61 time   0.3451781 control    sound    timestep   5.84E-03       1,       1 x  5.21E-03 y  5.21E-03
 Wall clock    1.1904139518737793     
 Average time per cell    2.1175111564239300E-008
 Step time per cell       2.0388203362623850E-008
 Step      62 time   0.3510173 control    sound    timestep   5.84E-03       1,       1 x  5.21E-03 y  5.21E-03
 Wall clock    1.2102661132812500     
 Average time per cell    2.1181012567226178E-008
 Step time per cell       2.1486646599239774E-008
 Step      63 time   0.3568572 control    sound    timestep   5.84E-03       1,       1 x  5.21E-03 y  5.21E-03
 Wall clock    1.2288329601287842     
 Average time per cell    2.1164588847015271E-008
 Step time per cell       2.0113721903827454E-008
 Step      64 time   0.3626976 control    sound    timestep   5.84E-03       1,       1 x  5.21E-03 y  5.21E-03
 Wall clock    1.2474710941314697     
 Average time per cell    2.1149886985464641E-008
 Step time per cell       2.0200645344124899E-008
 Step      65 time   0.3685385 control    sound    timestep   5.84E-03       1,       1 x  5.21E-03 y  5.21E-03
 Wall clock    1.2660431861877441     
 Average time per cell    2.1134535025837073E-008
 Step time per cell       2.0130278749598398E-008
 Step      66 time   0.3743800 control    sound    timestep   5.84E-03       1,       1 x  5.21E-03 y  5.21E-03
 Wall clock    1.2848310470581055     
 Average time per cell    2.1123195612671401E-008
 Step time per cell       2.0367766006125344E-008
 Step      67 time   0.3802224 control    sound    timestep   5.84E-03       1,       1 x  5.21E-03 y  5.21E-03
 Wall clock    1.3044190406799316     
 Average time per cell    2.1125152892437739E-008
 Step time per cell       2.1237000409099791E-008
 Step      68 time   0.3860650 control    sound    timestep   5.84E-03       1,       1 x  5.21E-03 y  5.21E-03
 Wall clock    1.3233811855316162     
 Average time per cell    2.1117065996662076E-008
 Step time per cell       2.0548080404599507E-008
 Step      69 time   0.3919077 control    sound    timestep   5.84E-03       1,       1 x  5.21E-03 y  5.21E-03
 Wall clock    1.3417489528656006     
 Average time per cell    2.1099866534344816E-008
 Step time per cell       1.9910900543133418E-008
 Step      70 time   0.3977504 control    sound    timestep   5.84E-03       1,       1 x  5.21E-03 y  5.21E-03

 Time   0.40359323425419447     
                       Volume            Mass         Density        Pressure Internal Energy  Kinetic Energy    Total Energy
 step:     70      0.1000E+03      0.2800E+02      0.2800E+00      0.1681E+00      0.4202E+02      0.9641E+00      0.4298E+02

 Wall clock    1.3611600399017334     
 Average time per cell    2.1099330975659309E-008
 Step time per cell       2.1046079281303616E-008
 Step      71 time   0.4035932 control    sound    timestep   5.84E-03       1,       1 x  5.21E-03 y  5.21E-03
 Wall clock    1.3798291683197021     
 Average time per cell    2.1087471395730971E-008
 Step time per cell       2.0246435370710161E-008
 Step      72 time   0.4094363 control    sound    timestep   5.84E-03       1,       1 x  5.21E-03 y  5.21E-03
 Wall clock    1.3996829986572266     
 Average time per cell    2.1093795190990707E-008
 Step time per cell       2.1525451706515420E-008
 Step      73 time   0.4152797 control    sound    timestep   5.84E-03       1,       1 x  5.21E-03 y  5.21E-03
 Wall clock    1.4185869693756104     
 Average time per cell    2.1085827051459199E-008
 Step time per cell       2.0485992232958475E-008
 Step      74 time   0.4211232 control    sound    timestep   5.84E-03       1,       1 x  5.21E-03 y  5.21E-03
 Wall clock    1.4382159709930420     
 Average time per cell    2.1088705468061450E-008
 Step time per cell       2.1277099019951290E-008
 Step      75 time   0.4269671 control    sound    timestep   5.84E-03       1,       1 x  5.21E-03 y  5.21E-03
 Wall clock    1.4586479663848877     
 Average time per cell    2.1103124513670250E-008
 Step time per cell       2.2142970313628516E-008
 Step      76 time   0.4328113 control    sound    timestep   5.84E-03       1,       1 x  5.21E-03 y  5.21E-03
 Wall clock    1.4771280288696289     
 Average time per cell    2.1089295916564283E-008
 Step time per cell       2.0026022361384496E-008
 Step      77 time   0.4386560 control    sound    timestep   5.85E-03       1,       1 x  5.21E-03 y  5.21E-03
 Wall clock    1.4960250854492188     
 Average time per cell    2.1081702705757613E-008
 Step time per cell       2.0429595477051204E-008
 Step      78 time   0.4445011 control    sound    timestep   5.85E-03       1,       1 x  5.21E-03 y  5.21E-03
 Wall clock    1.5146441459655762     
 Average time per cell    2.1070436948639714E-008
 Step time per cell       2.0178138381905025E-008
 Step      79 time   0.4503467 control    sound    timestep   5.85E-03       1,       1 x  5.21E-03 y  5.21E-03
 Wall clock    1.5332341194152832     
 Average time per cell    2.1059056888065928E-008
 Step time per cell       2.0150974806812075E-008
 Step      80 time   0.4561928 control    sound    timestep   5.85E-03       1,       1 x  5.21E-03 y  5.21E-03

 Time   0.46203954637309896     
                       Volume            Mass         Density        Pressure Internal Energy  Kinetic Energy    Total Energy
 step:     80      0.1000E+03      0.2800E+02      0.2800E+00      0.1675E+00      0.4188E+02      0.1099E+01      0.4298E+02

 Wall clock    1.5528700351715088     
 Average time per cell    2.1062147829474673E-008
 Step time per cell       2.1283566537830566E-008
 Step      81 time   0.4620395 control    sound    timestep   5.85E-03       1,       1 x  5.21E-03 y  5.21E-03
 Wall clock    1.5713720321655273     
 Average time per cell    2.1049972567375141E-008
 Step time per cell       2.0067155775096682E-008
 Step      82 time   0.4678869 control    sound    timestep   5.85E-03       1,       1 x  5.21E-03 y  5.21E-03
 Wall clock    1.5898101329803467     
 Average time per cell    2.1037248753233331E-008
 Step time per cell       1.9988252056969538E-008
 Step      83 time   0.4737342 control    sound    timestep   5.85E-03       1,       1 x  5.21E-03 y  5.21E-03
 Wall clock    1.6087989807128906     
 Average time per cell    2.1032031520782226E-008
 Step time per cell       2.0589213818311693E-008
 Step      84 time   0.4795816 control    sound    timestep   5.85E-03       1,       1 x  5.21E-03 y  5.21E-03
 Wall clock    1.6273841857910156     
 Average time per cell    2.1021724456832522E-008
 Step time per cell       2.0138039771053527E-008
 Step      85 time   0.4854290 control    sound    timestep   5.85E-03       1,       1 x  5.21E-03 y  5.21E-03
 Wall clock    1.6460020542144775     
 Average time per cell    2.1012076876716675E-008
 Step time per cell       2.0175810075468489E-008
 Step      86 time   0.4912765 control    sound    timestep   5.85E-03       1,       1 x  5.21E-03 y  5.21E-03
 Wall clock    1.6643340587615967     
 Average time per cell    2.0999046889655966E-008
 Step time per cell       1.9871836735142603E-008
 Step      87 time   0.4971244 control    sound    timestep   5.85E-03       1,       1 x  5.21E-03 y  5.21E-03

 Time   0.50297235683269470     
                       Volume            Mass         Density        Pressure Internal Energy  Kinetic Energy    Total Energy
 step:     87      0.1000E+03      0.2800E+02      0.2800E+00      0.1671E+00      0.4179E+02      0.1193E+01      0.4298E+02


 Calculation complete
 Clover is finishing
 Wall clock    1.6864299774169922     
 First step overhead   1.0809898376464844E-003

Profiler Output                 Time            Percentage
Timestep              :          0.1774         10.5195
Ideal Gas             :          0.0500          2.9622
Viscosity             :          0.1638          9.7122
PdV                   :          0.2115         12.5385
Revert                :          0.0229          1.3565
Acceleration          :          0.0929          5.5067
Fluxes                :          0.0467          2.7720
Cell Advection        :          0.3098         18.3694
Momentum Advection    :          0.4979         29.5244
Reset                 :          0.0432          2.5593
Summary               :          0.0054          0.3197
Visit                 :          0.0000          0.0000
Tile Halo Exchange    :          0.0000          0.0022
Self Halo Exchange    :          0.0100          0.5934
MPI Halo Exchange     :          0.0544          3.2262
Total                 :          1.6858         99.9622
The Rest              :          0.0006          0.0378
