
Clover Version    1.300
       MPI Version
   Task Count      2

 Clover will run from the following input:-

*clover                                                                                             
                                                                                                    
 state 1 density=0.2 energy=1.0                                                                     
 state 2 density=1.0 energy=2.5 geometry=rectangle xmin=0.0 xmax=5.0 ymin=0.0 ymax=2.0              
                                                                                                    
 x_cells=960                                                                                        
 y_cells=960                                                                                        
                                                                                                    
 xmin=0.0                                                                                           
 ymin=0.0                                                                                           
 xmax=10.0                                                                                          
 ymax=10.0                                                                                          
                                                                                                    
 initial_timestep=0.04                                                                              
 timestep_rise=1.5                                                                                  
 max_timestep=0.04                                                                                  
 end_time=0.5                                                                                       
 end_step=87                                                                                        
 profiler_on                                                                                        
 tiles_per_chunk 1                                                                                  
*endclover                                                                                          

 Initialising and generating

 Reading input file

 Reading specification for state            1

            state density   0.2000E+00
             state energy   0.1000E+01

 Reading specification for state            2

            state density   0.1000E+01
             state energy   0.2500E+01
 state geometry rectangular
               state xmin   0.0000E+00
               state xmax   0.5000E+01
               state ymin   0.0000E+00
               state ymax   0.2000E+01

                   x_cells         960
                   y_cells         960
                      xmin  0.0000E+00
                      ymin  0.0000E+00
                      xmax  0.1000E+02
                      ymax  0.1000E+02
         initial_timestep   0.4000E-01
             timestep_rise  0.1500E+01
              max_timestep  0.4000E-01
                  end_time  0.5000E+00
                  end_step          87
               Profiler on
           tiles_per_chunk           1

     Using Fortran Kernels

 Input read finished.

 Setting up initial geometry


 Mesh ratio of    1.0000000000000000     
 Decomposing the mesh into            2  by            1  chunks
 Decomposing the chunk with            1  tiles

 Generating chunks

 Problem initialised and generated

 Time    0.0000000000000000     
                       Volume            Mass         Density        Pressure Internal Energy  Kinetic Energy    Total Energy
 step:      0      0.1000E+03      0.2800E+02      0.2800E+00      0.1720E+00      0.4300E+02      0.0000E+00      0.4300E+02

 Starting the calculation
 Step       1 time   0.0000000 control    sound    timestep   6.16E-03       1,       1 x  5.21E-03 y  5.21E-03
 Wall clock    2.2262811660766602E-002
 Average time per cell    2.4156696680519314E-008
 Step time per cell       2.4156696680519314E-008
 Step       2 time   0.0061626 control    sound    timestep   3.76E-03       1,       1 x  5.21E-03 y  5.21E-03
 Wall clock    4.3306827545166016E-002
 Average time per cell    2.3495457652542327E-008
 Step time per cell       2.2804726743035847E-008
 Step       3 time   0.0099242 control    sound    timestep   4.78E-03       1,       1 x  5.21E-03 y  5.21E-03
 Wall clock    6.2474966049194336E-002
 Average time per cell    2.2596558900894944E-008
 Step time per cell       2.0770563019646540E-008
 Step       4 time   0.0147037 control    sound    timestep   5.04E-03       1,       1 x  5.21E-03 y  5.21E-03
 Wall clock    8.0886840820312500E-002
 Average time per cell    2.1941959857940673E-008
 Step time per cell       1.9959794978300732E-008
 Step       5 time   0.0197397 control    sound    timestep   5.54E-03       1,       1 x  5.21E-03 y  5.21E-03
 Wall clock   0.10007596015930176     
 Average time per cell    2.1717873298459582E-008
 Step time per cell       2.0800831003321542E-008
 Step       6 time   0.0252815 control    sound    timestep   5.53E-03       1,       1 x  5.21E-03 y  5.21E-03
 Wall clock   0.11979699134826660     
 Average time per cell    2.1664675808063259E-008
 Step time per cell       2.1381355408165191E-008
 Step       7 time   0.0308107 control    sound    timestep   5.63E-03       1,       1 x  5.21E-03 y  5.21E-03
 Wall clock   0.13929080963134766     
 Average time per cell    2.1591457346129040E-008
 Step time per cell       2.1138176735904481E-008
 Step       8 time   0.0364452 control    sound    timestep   5.93E-03       1,       1 x  5.21E-03 y  5.21E-03
 Wall clock   0.16130995750427246     
 Average time per cell    2.1879063246564734E-008
 Step time per cell       2.3877041207419502E-008
 Step       9 time   0.0423713 control    sound    timestep   5.86E-03       1,       1 x  5.21E-03 y  5.21E-03
 Wall clock   0.18490695953369141     
 Average time per cell    2.2292987983903766E-008
 Step time per cell       2.5565322074625228E-008
 Step      10 time   0.0482336 control    sound    timestep   5.82E-03       1,       1 x  5.21E-03 y  5.21E-03

 Time    5.4054230746582305E-002
                       Volume            Mass         Density        Pressure Internal Energy  Kinetic Energy    Total Energy
 step:     10      0.1000E+03      0.2800E+02      0.2800E+00      0.1715E+00      0.4286E+02      0.1272E+00      0.4299E+02

 Wall clock   0.20798277854919434     
 Average time per cell    2.2567575797438623E-008
 Step time per cell       2.5021533171335857E-008
 Step      11 time   0.0540542 control    sound    timestep   5.78E-03       1,       1 x  5.21E-03 y  5.21E-03
 Wall clock   0.22681879997253418     
 Average time per cell    2.2374013570523022E-008
 Step time per cell       2.0428560674190520E-008
 Step      12 time   0.0598338 control    sound    timestep   5.76E-03       1,       1 x  5.21E-03 y  5.21E-03
 Wall clock   0.24571490287780762     
 Average time per cell    2.2218144429778612E-008
 Step time per cell       2.0486250933673647E-008
 Step      13 time   0.0655905 control    sound    timestep   5.77E-03       1,       1 x  5.21E-03 y  5.21E-03
 Wall clock   0.26539278030395508     
 Average time per cell    2.2151507437229157E-008
 Step time per cell       2.1335565381579929E-008
 Step      14 time   0.0713614 control    sound    timestep   5.79E-03       1,       1 x  5.21E-03 y  5.21E-03
 Wall clock   0.28505587577819824     
 Average time per cell    2.2093244340448154E-008
 Step time per cell       2.1317197630802792E-008
 Step      15 time   0.0771552 control    sound    timestep   5.80E-03       1,       1 x  5.21E-03 y  5.21E-03
 Wall clock   0.30405497550964355     
 Average time per cell    2.1994717557121206E-008
 Step time per cell       2.0598009642627505E-008
 Step      16 time   0.0829578 control    sound    timestep   5.80E-03       1,       1 x  5.21E-03 y  5.21E-03
 Wall clock   0.32268381118774414     
 Average time per cell    2.1883396483543848E-008
 Step time per cell       2.0196247431966994E-008
 Step      17 time   0.0887628 control    sound    timestep   5.81E-03       1,       1 x  5.21E-03 y  5.21E-03
 Wall clock   0.34160399436950684     
 Average time per cell    2.1803768022971993E-008
 Step time per cell       2.0511086202330060E-008
 Step      18 time   0.0945706 control    sound    timestep   5.81E-03       1,       1 x  5.21E-03 y  5.21E-03
 Wall clock   0.36149597167968750     
 Average time per cell    2.1791568508854618E-008
 Step time per cell       2.1509412262174819E-008
 Step      19 time   0.1003799 control    sound    timestep   5.81E-03       1,       1 x  5.21E-03 y  5.21E-03
 Wall clock   0.38066196441650391     
 Average time per cell    2.1739192960555094E-008
 Step time per cell       2.0774702231089276E-008
 Step      20 time   0.1061897 control    sound    timestep   5.81E-03       1,       1 x  5.21E-03 y  5.21E-03

 Time   0.11200041577533880     
                       Volume            Mass         Density        Pressure Internal Energy  Kinetic Energy    Total Energy
 step:     20      0.1000E+03      0.2800E+02      0.2800E+00      0.1709E+00      0.4272E+02      0.2696E+00      0.4299E+02

 Wall clock   0.39999985694885254     
 Average time per cell    2.1701381127867435E-008
 Step time per cell       2.0941822893089718E-008
 Step      21 time   0.1120004 control    sound    timestep   5.81E-03       1,       1 x  5.21E-03 y  5.21E-03
 Wall clock   0.41890382766723633     
 Average time per cell    2.1644749693454259E-008
 Step time per cell       2.0496857662995656E-008
 Step      22 time   0.1178143 control    sound    timestep   5.82E-03       1,       1 x  5.21E-03 y  5.21E-03
 Wall clock   0.43711280822753906     
 Average time per cell    2.1558988726500309E-008
 Step time per cell       1.9732138348950279E-008
 Step      23 time   0.1236298 control    sound    timestep   5.82E-03       1,       1 x  5.21E-03 y  5.21E-03
 Wall clock   0.45546698570251465     
 Average time per cell    2.1487535179957100E-008
 Step time per cell       1.9892791493071449E-008
 Step      24 time   0.1294460 control    sound    timestep   5.82E-03       1,       1 x  5.21E-03 y  5.21E-03
 Wall clock   0.47576093673706055     
 Average time per cell    2.1509735638068781E-008
 Step time per cell       2.1996545708841748E-008
 Step      25 time   0.1352640 control    sound    timestep   5.82E-03       1,       1 x  5.21E-03 y  5.21E-03
 Wall clock   0.49418997764587402     
 Average time per cell    2.1449217779768839E-008
 Step time per cell       1.9969625605477229E-008
 Step      26 time   0.1410837 control    sound    timestep   5.82E-03       1,       1 x  5.21E-03 y  5.21E-03
 Wall clock   0.51251578330993652     
 Average time per cell    2.1389046779427772E-008
 Step time per cell       1.9858901699384054E-008
 Step      27 time   0.1469049 control    sound    timestep   5.82E-03       1,       1 x  5.21E-03 y  5.21E-03
 Wall clock   0.53106284141540527     
 Average time per cell    2.1342224529618589E-008
 Step time per cell       2.0098717262347540E-008
 Step      28 time   0.1527276 control    sound    timestep   5.82E-03       1,       1 x  5.21E-03 y  5.21E-03
 Wall clock   0.54967093467712402     
 Average time per cell    2.1301111989905911E-008
 Step time per cell       2.0165979448291992E-008
 Step      29 time   0.1585506 control    sound    timestep   5.82E-03       1,       1 x  5.21E-03 y  5.21E-03
 Wall clock   0.56811881065368652     
 Average time per cell    2.1256840077739111E-008
 Step time per cell       1.9992391268412271E-008
 Step      30 time   0.1643742 control    sound    timestep   5.82E-03       1,       1 x  5.21E-03 y  5.21E-03

 Time   0.17019802332004386     
                       Volume            Mass         Density        Pressure Internal Energy  Kinetic Energy    Total Energy
 step:     30      0.1000E+03      0.2800E+02      0.2800E+00      0.1703E+00      0.4258E+02      0.4108E+00      0.4299E+02

 Wall clock   0.58731293678283691     
 Average time per cell    2.1242510734332934E-008
 Step time per cell       2.0805228915479450E-008
 Step      31 time   0.1701980 control    sound    timestep   5.82E-03       1,       1 x  5.21E-03 y  5.21E-03
 Wall clock   0.60960984230041504     
 Average time per cell    2.1337710093960540E-008
 Step time per cell       2.4180755847030215E-008
 Step      32 time   0.1760221 control    sound    timestep   5.82E-03       1,       1 x  5.21E-03 y  5.21E-03
 Wall clock   0.63004684448242188     
 Average time per cell    2.1363893109891150E-008
 Step time per cell       2.2069240609804788E-008
 Step      33 time   0.1818467 control    sound    timestep   5.83E-03       1,       1 x  5.21E-03 y  5.21E-03
 Wall clock   0.64871978759765625     
 Average time per cell    2.1330485440263846E-008
 Step time per cell       2.0234276437097125E-008
 Step      34 time   0.1876721 control    sound    timestep   5.83E-03       1,       1 x  5.21E-03 y  5.21E-03
 Wall clock   0.66711592674255371     
 Average time per cell    2.1290209059134809E-008
 Step time per cell       1.9937029315365687E-008
 Step      35 time   0.1934982 control    sound    timestep   5.83E-03       1,       1 x  5.21E-03 y  5.21E-03
 Wall clock   0.68558979034423828     
 Average time per cell    2.1254643797874450E-008
 Step time per cell       2.0019296142790052E-008
 Step      36 time   0.1993254 control    sound    timestep   5.83E-03       1,       1 x  5.21E-03 y  5.21E-03
 Wall clock   0.70401692390441895     
 Average time per cell    2.1219645902790406E-008
 Step time per cell       1.9971953911913765E-008
 Step      37 time   0.2051535 control    sound    timestep   5.83E-03       1,       1 x  5.21E-03 y  5.21E-03
 Wall clock   0.72268080711364746     
 Average time per cell    2.1193482753661301E-008
 Step time per cell       2.0228843722078536E-008
 Step      38 time   0.2109826 control    sound    timestep   5.83E-03       1,       1 x  5.21E-03 y  5.21E-03
 Wall clock   0.74124383926391602     
 Average time per cell    2.1165816864946433E-008
 Step time per cell       2.0123552531003954E-008
 Step      39 time   0.2168128 control    sound    timestep   5.83E-03       1,       1 x  5.21E-03 y  5.21E-03
 Wall clock   0.75981187820434570     
 Average time per cell    2.1139709040140494E-008
 Step time per cell       2.0122517728143270E-008
 Step      40 time   0.2226435 control    sound    timestep   5.83E-03       1,       1 x  5.21E-03 y  5.21E-03

 Time   0.22847442549522459     
                       Volume            Mass         Density        Pressure Internal Energy  Kinetic Energy    Total Energy
 step:     40      0.1000E+03      0.2800E+02      0.2800E+00      0.1697E+00      0.4243E+02      0.5509E+00      0.4299E+02

 Wall clock   0.77916884422302246     
 Average time per cell    2.1136307623237373E-008
 Step time per cell       2.0974419183201260E-008
 Step      41 time   0.2284744 control    sound    timestep   5.83E-03       1,       1 x  5.21E-03 y  5.21E-03
 Wall clock   0.79749798774719238     
 Average time per cell    2.1105870695375816E-008
 Step time per cell       1.9875199844439824E-008
 Step      42 time   0.2343054 control    sound    timestep   5.83E-03       1,       1 x  5.21E-03 y  5.21E-03
 Wall clock   0.81613183021545410     
 Average time per cell    2.1084755038221678E-008
 Step time per cell       2.0196247431966994E-008
 Step      43 time   0.2401365 control    sound    timestep   5.83E-03       1,       1 x  5.21E-03 y  5.21E-03
 Wall clock   0.83463883399963379     
 Average time per cell    2.1061420835342825E-008
 Step time per cell       2.0057325147920186E-008
 Step      44 time   0.2459680 control    sound    timestep   5.83E-03       1,       1 x  5.21E-03 y  5.21E-03
 Wall clock   0.85303378105163574     
 Average time per cell    2.1036383884046415E-008
 Step time per cell       1.9933666206068463E-008
 Step      45 time   0.2518000 control    sound    timestep   5.83E-03       1,       1 x  5.21E-03 y  5.21E-03
 Wall clock   0.87152099609375000     
 Average time per cell    2.1014684512291424E-008
 Step time per cell       2.0038181294997533E-008
 Step      46 time   0.2576322 control    sound    timestep   5.83E-03       1,       1 x  5.21E-03 y  5.21E-03
 Wall clock   0.89000391960144043     
 Average time per cell    2.0993827360767674E-008
 Step time per cell       2.0037922594282361E-008
 Step      47 time   0.2634649 control    sound    timestep   5.83E-03       1,       1 x  5.21E-03 y  5.21E-03
 Wall clock   0.90991187095642090     
 Average time per cell    2.1006756772597630E-008
 Step time per cell       2.1580813659562004E-008
 Step      48 time   0.2692983 control    sound    timestep   5.83E-03       1,       1 x  5.21E-03 y  5.21E-03
 Wall clock   0.92830681800842285     
 Average time per cell    2.0984945068549779E-008
 Step time per cell       1.9935994512505003E-008
 Step      49 time   0.2751323 control    sound    timestep   5.83E-03       1,       1 x  5.21E-03 y  5.21E-03
 Wall clock   0.94676494598388672     
 Average time per cell    2.0965422733841028E-008
 Step time per cell       2.0009724216328727E-008
 Step      50 time   0.2809670 control    sound    timestep   5.84E-03       1,       1 x  5.21E-03 y  5.21E-03

 Time   0.28680234066587584     
                       Volume            Mass         Density        Pressure Internal Energy  Kinetic Energy    Total Energy
 step:     50      0.1000E+03      0.2800E+02      0.2800E+00      0.1692E+00      0.4229E+02      0.6898E+00      0.4298E+02

 Wall clock   0.96626877784729004     
 Average time per cell    2.0969374519255427E-008
 Step time per cell       2.1139211538765165E-008
 Step      51 time   0.2868023 control    sound    timestep   5.84E-03       1,       1 x  5.21E-03 y  5.21E-03
 Wall clock   0.98480391502380371     
 Average time per cell    2.0952561509050835E-008
 Step time per cell       2.0098717262347540E-008
 Step      52 time   0.2926385 control    sound    timestep   5.84E-03       1,       1 x  5.21E-03 y  5.21E-03
 Wall clock    1.0030407905578613     
 Average time per cell    2.0930171410879517E-008
 Step time per cell       1.9763441135485969E-008
 Step      53 time   0.2984756 control    sound    timestep   5.84E-03       1,       1 x  5.21E-03 y  5.21E-03
 Wall clock    1.0215809345245361     
 Average time per cell    2.0914835039237259E-008
 Step time per cell       2.0090180138746896E-008
 Step      54 time   0.3043128 control    sound    timestep   5.84E-03       1,       1 x  5.21E-03 y  5.21E-03
 Wall clock    1.0401089191436768     
 Average time per cell    2.0899822352906313E-008
 Step time per cell       2.0083712620867624E-008
 Step      55 time   0.3101501 control    sound    timestep   5.84E-03       1,       1 x  5.21E-03 y  5.21E-03
 Wall clock    1.0588738918304443     
 Average time per cell    2.0890031009912489E-008
 Step time per cell       2.0334134913153118E-008
 Step      56 time   0.3159874 control    sound    timestep   5.84E-03       1,       1 x  5.21E-03 y  5.21E-03
 Wall clock    1.0775628089904785     
 Average time per cell    2.0879115687594528E-008
 Step time per cell       2.0254972494310802E-008
 Step      57 time   0.3218249 control    sound    timestep   5.84E-03       1,       1 x  5.21E-03 y  5.21E-03
 Wall clock    1.0961430072784424     
 Average time per cell    2.0866513753320737E-008
 Step time per cell       2.0139074573914211E-008
 Step      58 time   0.3276627 control    sound    timestep   5.84E-03       1,       1 x  5.21E-03 y  5.21E-03
 Wall clock    1.1174237728118896     
 Average time per cell    2.0904868834034693E-008
 Step time per cell       2.3069636275370915E-008
 Step      59 time   0.3335009 control    sound    timestep   5.84E-03       1,       1 x  5.21E-03 y  5.21E-03
 Wall clock    1.1368479728698730     
 Average time per cell    2.0907779632876373E-008
 Step time per cell       2.1054875105619432E-008
 Step      60 time   0.3393393 control    sound    timestep   5.84E-03       1,       1 x  5.21E-03 y  5.21E-03

 Time   0.34517805847536881     
                       Volume            Mass         Density        Pressure Internal Energy  Kinetic Energy    Total Energy
 step:     60      0.1000E+03      0.2800E+02      0.2800E+00      0.1686E+00      0.4216E+02      0.8276E+00      0.4298E+02

 Wall clock    1.1575608253479004     
 Average time per cell    2.0933898027848314E-008
 Step time per cell       2.2454445974694358E-008
 Step      61 time   0.3451781 control    sound    timestep   5.84E-03       1,       1 x  5.21E-03 y  5.21E-03
 Wall clock    1.1771788597106934     
 Average time per cell    2.0939685431443061E-008
 Step time per cell       2.1273735910654069E-008
 Step      62 time   0.3510173 control    sound    timestep   5.84E-03       1,       1 x  5.21E-03 y  5.21E-03
 Wall clock    1.1979789733886719     
 Average time per cell    2.0965973856628582E-008
 Step time per cell       2.2508773124880261E-008
 Step      63 time   0.3568572 control    sound    timestep   5.84E-03       1,       1 x  5.21E-03 y  5.21E-03
 Wall clock    1.2170279026031494     
 Average time per cell    2.0961266510333122E-008
 Step time per cell       2.0630347232023875E-008
 Step      64 time   0.3626976 control    sound    timestep   5.84E-03       1,       1 x  5.21E-03 y  5.21E-03
 Wall clock    1.2358338832855225     
 Average time per cell    2.0952587268160036E-008
 Step time per cell       2.0378631436162525E-008
 Step      65 time   0.3685385 control    sound    timestep   5.84E-03       1,       1 x  5.21E-03 y  5.21E-03
 Wall clock    1.2546129226684570     
 Average time per cell    2.0943725338348976E-008
 Step time per cell       2.0350433058208891E-008
 Step      66 time   0.3743800 control    sound    timestep   5.84E-03       1,       1 x  5.21E-03 y  5.21E-03
 Wall clock    1.2739078998565674     
 Average time per cell    2.0943614199556888E-008
 Step time per cell       2.0912589712275400E-008
 Step      67 time   0.3802224 control    sound    timestep   5.84E-03       1,       1 x  5.21E-03 y  5.21E-03
 Wall clock    1.3142929077148438     
 Average time per cell    2.1285060824051029E-008
 Step time per cell       4.3799841983450781E-008
 Step      68 time   0.3860650 control    sound    timestep   5.84E-03       1,       1 x  5.21E-03 y  5.21E-03
 Wall clock    1.3354108333587646     
 Average time per cell    2.1309021927318931E-008
 Step time per cell       2.2888287074036068E-008
 Step      69 time   0.3919077 control    sound    timestep   5.84E-03       1,       1 x  5.21E-03 y  5.21E-03
 Wall clock    1.3539679050445557     
 Average time per cell    2.1292017427859481E-008
 Step time per cell       2.0107513086663353E-008
 Step      70 time   0.3977504 control    sound    timestep   5.84E-03       1,       1 x  5.21E-03 y  5.21E-03

 Time   0.40359323425419447     
                       Volume            Mass         Density        Pressure Internal Energy  Kinetic Energy    Total Energy
 step:     70      0.1000E+03      0.2800E+02      0.2800E+00      0.1681E+00      0.4202E+02      0.9641E+00      0.4298E+02

 Wall clock    1.3734858036041260     
 Average time per cell    2.1290392540986576E-008
 Step time per cell       2.1155509683820938E-008
 Step      71 time   0.4035932 control    sound    timestep   5.84E-03       1,       1 x  5.21E-03 y  5.21E-03
 Wall clock    1.3919718265533447     
 Average time per cell    2.1273043612965582E-008
 Step time per cell       2.0050857630040910E-008
 Step      72 time   0.4094363 control    sound    timestep   5.84E-03       1,       1 x  5.21E-03 y  5.21E-03
 Wall clock    1.4108619689941406     
 Average time per cell    2.1262266845614823E-008
 Step time per cell       2.0479783415794371E-008
 Step      73 time   0.4152797 control    sound    timestep   5.84E-03       1,       1 x  5.21E-03 y  5.21E-03
 Wall clock    1.4308648109436035     
 Average time per cell    2.1268324458707956E-008
 Step time per cell       2.1689467959933810E-008
 Step      74 time   0.4211232 control    sound    timestep   5.84E-03       1,       1 x  5.21E-03 y  5.21E-03
 Wall clock    1.4497299194335938     
 Average time per cell    2.1257535652355389E-008
 Step time per cell       2.0448221928543513E-008
 Step      75 time   0.4269671 control    sound    timestep   5.84E-03       1,       1 x  5.21E-03 y  5.21E-03
 Wall clock    1.4682669639587402     
 Average time per cell    2.1242288251717885E-008
 Step time per cell       2.0093284547328948E-008
 Step      76 time   0.4328113 control    sound    timestep   5.84E-03       1,       1 x  5.21E-03 y  5.21E-03
 Wall clock    1.4871068000793457     
 Average time per cell    2.1231765123574357E-008
 Step time per cell       2.0423127959171931E-008
 Step      77 time   0.4386560 control    sound    timestep   5.85E-03       1,       1 x  5.21E-03 y  5.21E-03
 Wall clock    1.5058507919311523     
 Average time per cell    2.1220164704116393E-008
 Step time per cell       2.0254972494310802E-008
 Step      78 time   0.4445011 control    sound    timestep   5.85E-03       1,       1 x  5.21E-03 y  5.21E-03
 Wall clock    1.5260698795318604     
 Average time per cell    2.1229382004705589E-008
 Step time per cell       2.1918418092860115E-008
 Step      79 time   0.4503467 control    sound    timestep   5.85E-03       1,       1 x  5.21E-03 y  5.21E-03
 Wall clock    1.5447249412536621     
 Average time per cell    2.1216883972475800E-008
 Step time per cell       2.0221341401338576E-008
 Step      80 time   0.4561928 control    sound    timestep   5.85E-03       1,       1 x  5.21E-03 y  5.21E-03

 Time   0.46203954637309896     
                       Volume            Mass         Density        Pressure Internal Energy  Kinetic Energy    Total Energy
 step:     80      0.1000E+03      0.2800E+02      0.2800E+00      0.1675E+00      0.4188E+02      0.1099E+01      0.4298E+02

 Wall clock    1.5640377998352051     
 Average time per cell    2.1213620331966213E-008
 Step time per cell       2.0925524748033949E-008
 Step      81 time   0.4620395 control    sound    timestep   5.85E-03       1,       1 x  5.21E-03 y  5.21E-03
 Wall clock    1.5827608108520508     
 Average time per cell    2.1202535724934235E-008
 Step time per cell       2.0303608228762944E-008
 Step      82 time   0.4678869 control    sound    timestep   5.85E-03       1,       1 x  5.21E-03 y  5.21E-03
 Wall clock    1.6037549972534180     
 Average time per cell    2.1221774925545947E-008
 Step time per cell       2.2751951797140968E-008
 Step      83 time   0.4737342 control    sound    timestep   5.85E-03       1,       1 x  5.21E-03 y  5.21E-03
 Wall clock    1.6223788261413574     
 Average time per cell    2.1209562548911236E-008
 Step time per cell       2.0182277593347761E-008
 Step      84 time   0.4795816 control    sound    timestep   5.85E-03       1,       1 x  5.21E-03 y  5.21E-03
 Wall clock    1.6412208080291748     
 Average time per cell    2.1200458933081891E-008
 Step time per cell       2.0428560674190520E-008
 Step      85 time   0.4854290 control    sound    timestep   5.85E-03       1,       1 x  5.21E-03 y  5.21E-03
 Wall clock    1.6609668731689453     
 Average time per cell    2.1203110615412393E-008
 Step time per cell       2.1407225479682285E-008
 Step      86 time   0.4912765 control    sound    timestep   5.85E-03       1,       1 x  5.21E-03 y  5.21E-03
 Wall clock    1.6805279254913330     
 Average time per cell    2.1203366307979713E-008
 Step time per cell       2.1208802031146154E-008
 Step      87 time   0.4971244 control    sound    timestep   5.85E-03       1,       1 x  5.21E-03 y  5.21E-03

 Time   0.50297235683269470     
                       Volume            Mass         Density        Pressure Internal Energy  Kinetic Energy    Total Energy
 step:     87      0.1000E+03      0.2800E+02      0.2800E+00      0.1671E+00      0.4179E+02      0.1193E+01      0.4298E+02


 Calculation complete
 Clover is finishing
 Wall clock    1.7044239044189453     
 First step overhead   1.2459754943847656E-003

Profiler Output                 Time            Percentage
Timestep              :          0.1741         10.2173
Ideal Gas             :          0.0487          2.8558
Viscosity             :          0.1669          9.7896
PdV                   :          0.2159         12.6695
Revert                :          0.0216          1.2690
Acceleration          :          0.0938          5.5047
Fluxes                :          0.0470          2.7571
Cell Advection        :          0.3153         18.4992
Momentum Advection    :          0.5085         29.8347
Reset                 :          0.0448          2.6286
Summary               :          0.0054          0.3162
Visit                 :          0.0000          0.0000
Tile Halo Exchange    :          0.0000          0.0027
Self Halo Exchange    :          0.0102          0.5982
MPI Halo Exchange     :          0.0520          3.0503
Total                 :          1.7043         99.9929
The Rest              :          0.0001          0.0071
