
Clover Version    1.300
       MPI Version
   Task Count      4

 Clover will run from the following input:-

*clover                                                                                             
                                                                                                    
 state 1 density=0.2 energy=1.0                                                                     
 state 2 density=1.0 energy=2.5 geometry=rectangle xmin=0.0 xmax=5.0 ymin=0.0 ymax=2.0              
                                                                                                    
 x_cells=960                                                                                        
 y_cells=960                                                                                        
                                                                                                    
 xmin=0.0                                                                                           
 ymin=0.0                                                                                           
 xmax=10.0                                                                                          
 ymax=10.0                                                                                          
                                                                                                    
 initial_timestep=0.04                                                                              
 timestep_rise=1.5                                                                                  
 max_timestep=0.04                                                                                  
 end_time=0.5                                                                                       
 end_step=87                                                                                        
 profiler_on                                                                                        
 tiles_per_chunk 1                                                                                  
*endclover                                                                                          

 Initialising and generating

 Reading input file

 Reading specification for state            1

            state density   0.2000E+00
             state energy   0.1000E+01

 Reading specification for state            2

            state density   0.1000E+01
             state energy   0.2500E+01
 state geometry rectangular
               state xmin   0.0000E+00
               state xmax   0.5000E+01
               state ymin   0.0000E+00
               state ymax   0.2000E+01

                   x_cells         960
                   y_cells         960
                      xmin  0.0000E+00
                      ymin  0.0000E+00
                      xmax  0.1000E+02
                      ymax  0.1000E+02
         initial_timestep   0.4000E-01
             timestep_rise  0.1500E+01
              max_timestep  0.4000E-01
                  end_time  0.5000E+00
                  end_step          87
               Profiler on
           tiles_per_chunk           1

     Using Fortran Kernels

 Input read finished.

 Setting up initial geometry


 Mesh ratio of    1.0000000000000000     
 Decomposing the mesh into            2  by            2  chunks
 Decomposing the chunk with            1  tiles

 Generating chunks

 Problem initialised and generated

 Time    0.0000000000000000     
                       Volume            Mass         Density        Pressure Internal Energy  Kinetic Energy    Total Energy
 step:      0      0.1000E+03      0.2800E+02      0.2800E+00      0.1720E+00      0.4300E+02      0.0000E+00      0.4300E+02

 Starting the calculation
 Step       1 time   0.0000000 control    sound    timestep   6.16E-03       1,       1 x  5.21E-03 y  5.21E-03
 Wall clock    1.5177965164184570E-002
 Average time per cell    1.6469146228498884E-008
 Step time per cell       1.6469146228498884E-008
 Step       2 time   0.0061626 control    sound    timestep   3.76E-03       1,       1 x  5.21E-03 y  5.21E-03
 Wall clock    2.7554988861083984E-002
 Average time per cell    1.4949538227584627E-008
 Step time per cell       1.3397333936558830E-008
 Step       3 time   0.0099242 control    sound    timestep   4.78E-03       1,       1 x  5.21E-03 y  5.21E-03
 Wall clock    3.9604902267456055E-002
 Average time per cell    1.4324689766875019E-008
 Step time per cell       1.3047829270362854E-008
 Step       4 time   0.0147037 control    sound    timestep   5.04E-03       1,       1 x  5.21E-03 y  5.21E-03
 Wall clock    5.2168846130371094E-002
 Average time per cell    1.4151705221997366E-008
 Step time per cell       1.3598085691531500E-008
 Step       5 time   0.0197397 control    sound    timestep   5.54E-03       1,       1 x  5.21E-03 y  5.21E-03
 Wall clock    6.5052032470703125E-002
 Average time per cell    1.4117194546593559E-008
 Step time per cell       1.3950953467024697E-008
 Step       6 time   0.0252815 control    sound    timestep   5.53E-03       1,       1 x  5.21E-03 y  5.21E-03
 Wall clock    7.7198982238769531E-002
 Average time per cell    1.3961042794916365E-008
 Step time per cell       1.3155448767873976E-008
 Step       7 time   0.0308107 control    sound    timestep   5.63E-03       1,       1 x  5.21E-03 y  5.21E-03
 Wall clock    8.9315891265869141E-002
 Average time per cell    1.3844849216559576E-008
 Step time per cell       1.3116384959883160E-008
 Step       8 time   0.0364452 control    sound    timestep   5.93E-03       1,       1 x  5.21E-03 y  5.21E-03
 Wall clock   0.10536193847656250     
 Average time per cell    1.4290627506044176E-008
 Step time per cell       1.7379514045185513E-008
 Step       9 time   0.0423713 control    sound    timestep   5.86E-03       1,       1 x  5.21E-03 y  5.21E-03
 Wall clock   0.11844897270202637     
 Average time per cell    1.4280595667200324E-008
 Step time per cell       1.4176540490653780E-008
 Step      10 time   0.0482336 control    sound    timestep   5.82E-03       1,       1 x  5.21E-03 y  5.21E-03

 Time    5.4054230746582305E-002
                       Volume            Mass         Density        Pressure Internal Energy  Kinetic Energy    Total Energy
 step:     10      0.1000E+03      0.2800E+02      0.2800E+00      0.1715E+00      0.4286E+02      0.1272E+00      0.4299E+02

 Wall clock   0.13224101066589355     
 Average time per cell    1.4349067997601297E-008
 Step time per cell       1.4935050987535054E-008
 Step      11 time   0.0540542 control    sound    timestep   5.78E-03       1,       1 x  5.21E-03 y  5.21E-03
 Wall clock   0.14459204673767090     
 Average time per cell    1.4262946529520883E-008
 Step time per cell       1.3383364097939597E-008
 Step      12 time   0.0598338 control    sound    timestep   5.76E-03       1,       1 x  5.21E-03 y  5.21E-03
 Wall clock   0.15665483474731445     
 Average time per cell    1.4165114542400395E-008
 Step time per cell       1.3059729503260718E-008
 Step      13 time   0.0655905 control    sound    timestep   5.77E-03       1,       1 x  5.21E-03 y  5.21E-03
 Wall clock   0.17055702209472656     
 Average time per cell    1.4235862554647983E-008
 Step time per cell       1.5052242411507501E-008
 Step      14 time   0.0713614 control    sound    timestep   5.79E-03       1,       1 x  5.21E-03 y  5.21E-03
 Wall clock   0.18354487419128418     
 Average time per cell    1.4225638190668726E-008
 Step time per cell       1.4054951154523425E-008
 Step      15 time   0.0771552 control    sound    timestep   5.80E-03       1,       1 x  5.21E-03 y  5.21E-03
 Wall clock   0.19610285758972168     
 Average time per cell    1.4185681249256488E-008
 Step time per cell       1.3593687779373594E-008
 Step      16 time   0.0829578 control    sound    timestep   5.80E-03       1,       1 x  5.21E-03 y  5.21E-03
 Wall clock   0.20838093757629395     
 Average time per cell    1.4131736760545109E-008
 Step time per cell       1.3288938336902194E-008
 Step      17 time   0.0887628 control    sound    timestep   5.81E-03       1,       1 x  5.21E-03 y  5.21E-03
 Wall clock   0.22095203399658203     
 Average time per cell    1.4102841222208310E-008
 Step time per cell       1.3608951121568680E-008
 Step      18 time   0.0945706 control    sound    timestep   5.81E-03       1,       1 x  5.21E-03 y  5.21E-03
 Wall clock   0.23359203338623047     
 Average time per cell    1.4081309882946957E-008
 Step time per cell       1.3594981282949448E-008
 Step      19 time   0.1003799 control    sound    timestep   5.81E-03       1,       1 x  5.21E-03 y  5.21E-03
 Wall clock   0.24728298187255859     
 Average time per cell    1.4122063566369620E-008
 Step time per cell       1.4835192511479060E-008
 Step      20 time   0.1061897 control    sound    timestep   5.81E-03       1,       1 x  5.21E-03 y  5.21E-03

 Time   0.11200041577533880     
                       Volume            Mass         Density        Pressure Internal Energy  Kinetic Energy    Total Energy
 step:     20      0.1000E+03      0.2800E+02      0.2800E+00      0.1709E+00      0.4272E+02      0.2696E+00      0.4299E+02

 Wall clock   0.26021289825439453     
 Average time per cell    1.4117453247308731E-008
 Step time per cell       1.4001658807198206E-008
 Step      21 time   0.1120004 control    sound    timestep   5.81E-03       1,       1 x  5.21E-03 y  5.21E-03
 Wall clock   0.27220487594604492     
 Average time per cell    1.4064818738944946E-008
 Step time per cell       1.2997900032334857E-008
 Step      22 time   0.1178143 control    sound    timestep   5.82E-03       1,       1 x  5.21E-03 y  5.21E-03
 Wall clock   0.28448605537414551     
 Average time per cell    1.4031233002591615E-008
 Step time per cell       1.3296440657642152E-008
 Step      23 time   0.1236298 control    sound    timestep   5.82E-03       1,       1 x  5.21E-03 y  5.21E-03
 Wall clock   0.29675197601318359     
 Average time per cell    1.3999847902192010E-008
 Step time per cell       1.3280142512586381E-008
 Step      24 time   0.1294460 control    sound    timestep   5.82E-03       1,       1 x  5.21E-03 y  5.21E-03
 Wall clock   0.30931997299194336     
 Average time per cell    1.3984735468747440E-008
 Step time per cell       1.3600413997968038E-008
 Step      25 time   0.1352640 control    sound    timestep   5.82E-03       1,       1 x  5.21E-03 y  5.21E-03
 Wall clock   0.32159900665283203     
 Average time per cell    1.3958290219306946E-008
 Step time per cell       1.3301873372660743E-008
 Step      26 time   0.1410837 control    sound    timestep   5.82E-03       1,       1 x  5.21E-03 y  5.21E-03
 Wall clock   0.33399605751037598     
 Average time per cell    1.3938804483439168E-008
 Step time per cell       1.3423462708791098E-008
 Step      27 time   0.1469049 control    sound    timestep   5.82E-03       1,       1 x  5.21E-03 y  5.21E-03
 Wall clock   0.34632086753845215     
 Average time per cell    1.3917858938498752E-008
 Step time per cell       1.3320241123437882E-008
 Step      28 time   0.1527276 control    sound    timestep   5.82E-03       1,       1 x  5.21E-03 y  5.21E-03
 Wall clock   0.35884594917297363     
 Average time per cell    1.3906170525366352E-008
 Step time per cell       1.3562384992837906E-008
 Step      29 time   0.1585506 control    sound    timestep   5.82E-03       1,       1 x  5.21E-03 y  5.21E-03
 Wall clock   0.37090396881103516     
 Average time per cell    1.3877812530345844E-008
 Step time per cell       1.3024028804567124E-008
 Step      30 time   0.1643742 control    sound    timestep   5.82E-03       1,       1 x  5.21E-03 y  5.21E-03

 Time   0.17019802332004386     
                       Volume            Mass         Density        Pressure Internal Energy  Kinetic Energy    Total Energy
 step:     30      0.1000E+03      0.2800E+02      0.2800E+00      0.1703E+00      0.4258E+02      0.4108E+00      0.4299E+02

 Wall clock   0.38389301300048828     
 Average time per cell    1.3885019278084790E-008
 Step time per cell       1.4065816584560606E-008
 Step      31 time   0.1701980 control    sound    timestep   5.82E-03       1,       1 x  5.21E-03 y  5.21E-03
 Wall clock   0.39613199234008789     
 Average time per cell    1.3865507124359035E-008
 Step time per cell       1.3262809564669926E-008
 Step      32 time   0.1760221 control    sound    timestep   5.82E-03       1,       1 x  5.21E-03 y  5.21E-03
 Wall clock   0.40815401077270508     
 Average time per cell    1.3839857678653466E-008
 Step time per cell       1.2939433670706219E-008
 Step      33 time   0.1818467 control    sound    timestep   5.83E-03       1,       1 x  5.21E-03 y  5.21E-03
 Wall clock   0.42042899131774902     
 Average time per cell    1.3824080364772366E-008
 Step time per cell       1.3294371051920784E-008
 Step      34 time   0.1876721 control    sound    timestep   5.83E-03       1,       1 x  5.21E-03 y  5.21E-03
 Wall clock   0.43268394470214844     
 Average time per cell    1.3808591985235027E-008
 Step time per cell       1.3268242279688517E-008
 Step      35 time   0.1934982 control    sound    timestep   5.83E-03       1,       1 x  5.21E-03 y  5.21E-03
 Wall clock   0.44505500793457031     
 Average time per cell    1.3797588291622343E-008
 Step time per cell       1.3389831615818872E-008
 Step      36 time   0.1993254 control    sound    timestep   5.83E-03       1,       1 x  5.21E-03 y  5.21E-03
 Wall clock   0.45686197280883789     
 Average time per cell    1.3770193528429962E-008
 Step time per cell       1.2786541548040178E-008
 Step      37 time   0.2051535 control    sound    timestep   5.83E-03       1,       1 x  5.21E-03 y  5.21E-03
 Wall clock   0.46943998336791992     
 Average time per cell    1.3766891404136165E-008
 Step time per cell       1.3614383836587271E-008
 Step      38 time   0.2109826 control    sound    timestep   5.83E-03       1,       1 x  5.21E-03 y  5.21E-03
 Wall clock   0.48274087905883789     
 Average time per cell    1.3784404669763052E-008
 Step time per cell       1.4399799207846323E-008
 Step      39 time   0.2168128 control    sound    timestep   5.83E-03       1,       1 x  5.21E-03 y  5.21E-03
 Wall clock   0.49601292610168457     
 Average time per cell    1.3800217183651747E-008
 Step time per cell       1.4380396654208502E-008
 Step      40 time   0.2226435 control    sound    timestep   5.83E-03       1,       1 x  5.21E-03 y  5.21E-03

 Time   0.22847442549522459     
                       Volume            Mass         Density        Pressure Internal Energy  Kinetic Energy    Total Energy
 step:     40      0.1000E+03      0.2800E+02      0.2800E+00      0.1697E+00      0.4243E+02      0.5509E+00      0.4299E+02

 Wall clock   0.50880789756774902     
 Average time per cell    1.3802297568569581E-008
 Step time per cell       1.3855234202411439E-008
 Step      41 time   0.2284744 control    sound    timestep   5.83E-03       1,       1 x  5.21E-03 y  5.21E-03
 Wall clock   0.54183983802795410     
 Average time per cell    1.4339850049435607E-008
 Step time per cell       3.5826685941881602E-008
 Step      42 time   0.2343054 control    sound    timestep   5.83E-03       1,       1 x  5.21E-03 y  5.21E-03
 Wall clock   0.55442190170288086     
 Average time per cell    1.4323482496870888E-008
 Step time per cell       1.3619816551605861E-008
 Step      43 time   0.2401365 control    sound    timestep   5.83E-03       1,       1 x  5.21E-03 y  5.21E-03
 Wall clock   0.56687784194946289     
 Average time per cell    1.4304693605394635E-008
 Step time per cell       1.3490466194020378E-008
 Step      44 time   0.2459680 control    sound    timestep   5.83E-03       1,       1 x  5.21E-03 y  5.21E-03
 Wall clock   0.57921385765075684     
 Average time per cell    1.4283801334900688E-008
 Step time per cell       1.3359304931428698E-008
 Step      45 time   0.2518000 control    sound    timestep   5.83E-03       1,       1 x  5.21E-03 y  5.21E-03
 Wall clock   0.59146404266357422     
 Average time per cell    1.4261768004040659E-008
 Step time per cell       1.3268242279688517E-008
 Step      46 time   0.2576322 control    sound    timestep   5.83E-03       1,       1 x  5.21E-03 y  5.21E-03
 Wall clock   0.60389399528503418     
 Average time per cell    1.4244933086244956E-008
 Step time per cell       1.3464596122503280E-008
 Step      47 time   0.2634649 control    sound    timestep   5.83E-03       1,       1 x  5.21E-03 y  5.21E-03
 Wall clock   0.61717391014099121     
 Average time per cell    1.4248437272389166E-008
 Step time per cell       1.4386864172087776E-008
 Step      48 time   0.2692983 control    sound    timestep   5.83E-03       1,       1 x  5.21E-03 y  5.21E-03
 Wall clock   0.63030695915222168     
 Average time per cell    1.4248475458266007E-008
 Step time per cell       1.4226469728681777E-008
 Step      49 time   0.2751323 control    sound    timestep   5.83E-03       1,       1 x  5.21E-03 y  5.21E-03
 Wall clock   0.64299297332763672     
 Average time per cell    1.4238612823475515E-008
 Step time per cell       1.3738042778438992E-008
 Step      50 time   0.2809670 control    sound    timestep   5.84E-03       1,       1 x  5.21E-03 y  5.21E-03

 Time   0.28680234066587584     
                       Volume            Mass         Density        Pressure Internal Energy  Kinetic Energy    Total Energy
 step:     50      0.1000E+03      0.2800E+02      0.2800E+00      0.1692E+00      0.4229E+02      0.6898E+00      0.4298E+02

 Wall clock   0.65567183494567871     
 Average time per cell    1.4228989473647542E-008
 Step time per cell       1.3724849041965273E-008
 Step      51 time   0.2868023 control    sound    timestep   5.84E-03       1,       1 x  5.21E-03 y  5.21E-03
 Wall clock   0.66836690902709961     
 Average time per cell    1.4220088444374226E-008
 Step time per cell       1.3757445332076815E-008
 Step      52 time   0.2926385 control    sound    timestep   5.84E-03       1,       1 x  5.21E-03 y  5.21E-03
 Wall clock   0.68084192276000977     
 Average time per cell    1.4206937824686368E-008
 Step time per cell       1.3487361785438326E-008
 Step      53 time   0.2984756 control    sound    timestep   5.84E-03       1,       1 x  5.21E-03 y  5.21E-03
 Wall clock   0.69323992729187012     
 Average time per cell    1.4192706844779180E-008
 Step time per cell       1.3427601920233832E-008
 Step      54 time   0.3043128 control    sound    timestep   5.84E-03       1,       1 x  5.21E-03 y  5.21E-03
 Wall clock   0.70540094375610352     
 Average time per cell    1.4174240928741149E-008
 Step time per cell       1.3169418606493209E-008
 Step      55 time   0.3101501 control    sound    timestep   5.84E-03       1,       1 x  5.21E-03 y  5.21E-03
 Wall clock   0.71814084053039551     
 Average time per cell    1.4167866961221502E-008
 Step time per cell       1.3787972016466989E-008
 Step      56 time   0.3159874 control    sound    timestep   5.84E-03       1,       1 x  5.21E-03 y  5.21E-03
 Wall clock   0.73055291175842285     
 Average time per cell    1.4155368608910413E-008
 Step time per cell       1.3439760853846869E-008
 Step      57 time   0.3218249 control    sound    timestep   5.84E-03       1,       1 x  5.21E-03 y  5.21E-03
 Wall clock   0.74298596382141113     
 Average time per cell    1.4143708192872258E-008
 Step time per cell       1.3465630925363964E-008
 Step      58 time   0.3276627 control    sound    timestep   5.84E-03       1,       1 x  5.21E-03 y  5.21E-03
 Wall clock   0.75513982772827148     
 Average time per cell    1.4127226781913604E-008
 Step time per cell       1.3156224870019488E-008
 Step      59 time   0.3335009 control    sound    timestep   5.84E-03       1,       1 x  5.21E-03 y  5.21E-03
 Wall clock   0.76775097846984863     
 Average time per cell    1.4119714028473853E-008
 Step time per cell       1.3658880359596676E-008
 Step      60 time   0.3393393 control    sound    timestep   5.84E-03       1,       1 x  5.21E-03 y  5.21E-03

 Time   0.34517805847536881     
                       Volume            Mass         Density        Pressure Internal Energy  Kinetic Energy    Total Energy
 step:     60      0.1000E+03      0.2800E+02      0.2800E+00      0.1686E+00      0.4216E+02      0.8276E+00      0.4298E+02

 Wall clock   0.78106188774108887     
 Average time per cell    1.4125106476799205E-008
 Step time per cell       1.4410664637883504E-008
 Step      61 time   0.3451781 control    sound    timestep   5.84E-03       1,       1 x  5.21E-03 y  5.21E-03
 Wall clock   0.79356598854064941     
 Average time per cell    1.4115970595341128E-008
 Step time per cell       1.3554623971382777E-008
 Step      62 time   0.3510173 control    sound    timestep   5.84E-03       1,       1 x  5.21E-03 y  5.21E-03
 Wall clock   0.80557489395141602     
 Average time per cell    1.4098462945778309E-008
 Step time per cell       1.2953403509325452E-008
 Step      63 time   0.3568572 control    sound    timestep   5.84E-03       1,       1 x  5.21E-03 y  5.21E-03
 Wall clock   0.81830406188964844     
 Average time per cell    1.4093916409860843E-008
 Step time per cell       1.3777365287144979E-008
 Step      64 time   0.3626976 control    sound    timestep   5.84E-03       1,       1 x  5.21E-03 y  5.21E-03
 Wall clock   0.83186984062194824     
 Average time per cell    1.4103696028339779E-008
 Step time per cell       1.4671176258060667E-008
 Step      65 time   0.3685385 control    sound    timestep   5.84E-03       1,       1 x  5.21E-03 y  5.21E-03
 Wall clock   0.84476494789123535     
 Average time per cell    1.4101978964530505E-008
 Step time per cell       1.3962594999207391E-008
 Step      66 time   0.3743800 control    sound    timestep   5.84E-03       1,       1 x  5.21E-03 y  5.21E-03
 Wall clock   0.85747289657592773     
 Average time per cell    1.4097236962330461E-008
 Step time per cell       1.3766241156392628E-008
 Step      67 time   0.3802224 control    sound    timestep   5.84E-03       1,       1 x  5.21E-03 y  5.21E-03
 Wall clock   0.87094283103942871     
 Average time per cell    1.4104976922669022E-008
 Step time per cell       1.4590720335642496E-008
 Step      68 time   0.3860650 control    sound    timestep   5.84E-03       1,       1 x  5.21E-03 y  5.21E-03
 Wall clock   0.88441586494445801     
 Average time per cell    1.4112538694604938E-008
 Step time per cell       1.4593048642079036E-008
 Step      69 time   0.3919077 control    sound    timestep   5.84E-03       1,       1 x  5.21E-03 y  5.21E-03
 Wall clock   0.89843297004699707     
 Average time per cell    1.4128437154774889E-008
 Step time per cell       1.5177970959080589E-008
 Step      70 time   0.3977504 control    sound    timestep   5.84E-03       1,       1 x  5.21E-03 y  5.21E-03

 Time   0.40359323425419447     
                       Volume            Mass         Density        Pressure Internal Energy  Kinetic Energy    Total Energy
 step:     70      0.1000E+03      0.2800E+02      0.2800E+00      0.1681E+00      0.4202E+02      0.9641E+00      0.4298E+02

 Wall clock   0.91389203071594238     
 Average time per cell    1.4166233115016467E-008
 Step time per cell       1.6738453672991860E-008
 Step      71 time   0.4035932 control    sound    timestep   5.84E-03       1,       1 x  5.21E-03 y  5.21E-03
 Wall clock   0.92767286300659180     
 Average time per cell    1.4177316592799292E-008
 Step time per cell       1.4938155396117106E-008
 Step      72 time   0.4094363 control    sound    timestep   5.84E-03       1,       1 x  5.21E-03 y  5.21E-03
 Wall clock   0.94207596778869629     
 Average time per cell    1.4197470097124208E-008
 Step time per cell       1.5601205329100290E-008
 Step      73 time   0.4152797 control    sound    timestep   5.84E-03       1,       1 x  5.21E-03 y  5.21E-03
 Wall clock   0.95597386360168457     
 Average time per cell    1.4209562042214918E-008
 Step time per cell       1.5059486031532289E-008
 Step      74 time   0.4211232 control    sound    timestep   5.84E-03       1,       1 x  5.21E-03 y  5.21E-03
 Wall clock   0.96852302551269531     
 Average time per cell    1.4201550557090713E-008
 Step time per cell       1.3589548567930857E-008
 Step      75 time   0.4269671 control    sound    timestep   5.84E-03       1,       1 x  5.21E-03 y  5.21E-03
 Wall clock   0.98120498657226562     
 Average time per cell    1.4195673995547825E-008
 Step time per cell       1.3735973172717624E-008
 Step      76 time   0.4328113 control    sound    timestep   5.84E-03       1,       1 x  5.21E-03 y  5.21E-03
 Wall clock   0.99438691139221191     
 Average time per cell    1.4197090177725979E-008
 Step time per cell       1.4276140265994602E-008
 Step      77 time   0.4386560 control    sound    timestep   5.85E-03       1,       1 x  5.21E-03 y  5.21E-03
 Wall clock    1.0077478885650635     
 Average time per cell    1.4200992747861757E-008
 Step time per cell       1.4386864172087776E-008
 Step      78 time   0.4445011 control    sound    timestep   5.85E-03       1,       1 x  5.21E-03 y  5.21E-03
 Wall clock    1.0204179286956787     
 Average time per cell    1.4195183525525266E-008
 Step time per cell       1.3720709830522537E-008
 Step      79 time   0.4503467 control    sound    timestep   5.85E-03       1,       1 x  5.21E-03 y  5.21E-03
 Wall clock    1.0330128669738770     
 Average time per cell    1.4188489843940600E-008
 Step time per cell       1.3640253908104366E-008
 Step      80 time   0.4561928 control    sound    timestep   5.85E-03       1,       1 x  5.21E-03 y  5.21E-03

 Time   0.46203954637309896     
                       Volume            Mass         Density        Pressure Internal Energy  Kinetic Energy    Total Energy
 step:     80      0.1000E+03      0.2800E+02      0.2800E+00      0.1675E+00      0.4188E+02      0.1099E+01      0.4298E+02

 Wall clock    1.0462939739227295     
 Average time per cell    1.4191270262623827E-008
 Step time per cell       1.4382724960645040E-008
 Step      81 time   0.4620395 control    sound    timestep   5.85E-03       1,       1 x  5.21E-03 y  5.21E-03
 Wall clock    1.0588359832763672     
 Average time per cell    1.4184081137425616E-008
 Step time per cell       1.3592652976512910E-008
 Step      82 time   0.4678869 control    sound    timestep   5.85E-03       1,       1 x  5.21E-03 y  5.21E-03
 Wall clock    1.0712709426879883     
 Average time per cell    1.4175650812584532E-008
 Step time per cell       1.3475461552540461E-008
 Step      83 time   0.4737342 control    sound    timestep   5.85E-03       1,       1 x  5.21E-03 y  5.21E-03
 Wall clock    1.0839178562164307     
 Average time per cell    1.4170194530941875E-008
 Step time per cell       1.3703118181890912E-008
 Step      84 time   0.4795816 control    sound    timestep   5.85E-03       1,       1 x  5.21E-03 y  5.21E-03
 Wall clock    1.0966768264770508     
 Average time per cell    1.4166315652863689E-008
 Step time per cell       1.3813842087984085E-008
 Step      85 time   0.4854290 control    sound    timestep   5.85E-03       1,       1 x  5.21E-03 y  5.21E-03
 Wall clock    1.1110808849334717     
 Average time per cell    1.4183528453501221E-008
 Step time per cell       1.5595513913366529E-008
 Step      86 time   0.4912765 control    sound    timestep   5.85E-03       1,       1 x  5.21E-03 y  5.21E-03
 Wall clock    1.1247060298919678     
 Average time per cell    1.4190513337420863E-008
 Step time per cell       1.4751632180478838E-008
 Step      87 time   0.4971244 control    sound    timestep   5.85E-03       1,       1 x  5.21E-03 y  5.21E-03

 Time   0.50297235683269470     
                       Volume            Mass         Density        Pressure Internal Energy  Kinetic Energy    Total Energy
 step:     87      0.1000E+03      0.2800E+02      0.2800E+00      0.1671E+00      0.4179E+02      0.1193E+01      0.4298E+02


 Calculation complete
 Clover is finishing
 Wall clock    1.1396210193634033     
 First step overhead   2.8309822082519531E-003

Profiler Output                 Time            Percentage
Timestep              :          0.0958          8.4022
Ideal Gas             :          0.0406          3.5655
Viscosity             :          0.0853          7.4833
PdV                   :          0.1559         13.6788
Revert                :          0.0137          1.2025
Acceleration          :          0.0567          4.9747
Fluxes                :          0.0425          3.7321
Cell Advection        :          0.1898         16.6547
Momentum Advection    :          0.3225         28.2971
Reset                 :          0.0394          3.4601
Summary               :          0.0031          0.2749
Visit                 :          0.0000          0.0000
Tile Halo Exchange    :          0.0000          0.0035
Self Halo Exchange    :          0.0056          0.4935
MPI Halo Exchange     :          0.0884          7.7535
Total                 :          1.1394         99.9764
The Rest              :          0.0003          0.0236
